13-Feb-22 16:17:44 INFO <module>(66) APP.PY Started
13-Feb-22 16:17:44 INFO All(53) Running YahooDaily.All
13-Feb-22 16:17:44 INFO StockSymbols(157) MarketDataDb.StockSymbols() - ES=F
13-Feb-22 16:17:44 INFO StockSymbols(157) MarketDataDb.StockSymbols() - YM=F
13-Feb-22 16:17:44 INFO StockSymbols(157) MarketDataDb.StockSymbols() - NQ=F
13-Feb-22 16:17:44 INFO StockSymbols(157) MarketDataDb.StockSymbols() - RTY=F
13-Feb-22 16:17:44 INFO StockSymbols(157) MarketDataDb.StockSymbols() - ZB=F
13-Feb-22 16:17:44 INFO StockSymbols(157) MarketDataDb.StockSymbols() - ZN=F
13-Feb-22 16:17:44 INFO StockSymbols(157) MarketDataDb.StockSymbols() - ZF=F
13-Feb-22 16:17:44 INFO StockSymbols(157) MarketDataDb.StockSymbols() - ZT=F
13-Feb-22 16:17:44 INFO StockSymbols(157) MarketDataDb.StockSymbols() - GC=F
13-Feb-22 16:17:44 INFO StockSymbols(157) MarketDataDb.StockSymbols() - MGC=F
13-Feb-22 16:17:44 INFO StockSymbols(157) MarketDataDb.StockSymbols() - SI=F
13-Feb-22 16:17:44 INFO StockSymbols(157) MarketDataDb.StockSymbols() - SIL=F
13-Feb-22 16:17:44 INFO StockSymbols(157) MarketDataDb.StockSymbols() - PL=F
13-Feb-22 16:17:44 INFO StockSymbols(157) MarketDataDb.StockSymbols() - HG=F
13-Feb-22 16:17:44 INFO StockSymbols(157) MarketDataDb.StockSymbols() - PA=F
13-Feb-22 16:17:44 INFO StockSymbols(157) MarketDataDb.StockSymbols() - CL=F
13-Feb-22 16:17:44 INFO StockSymbols(157) MarketDataDb.StockSymbols() - HO=F
13-Feb-22 16:17:44 INFO StockSymbols(157) MarketDataDb.StockSymbols() - NG=F
13-Feb-22 16:17:44 INFO StockSymbols(157) MarketDataDb.StockSymbols() - RB=F
13-Feb-22 16:17:44 INFO StockSymbols(157) MarketDataDb.StockSymbols() - BZ=F
13-Feb-22 16:17:44 INFO StockSymbols(157) MarketDataDb.StockSymbols() - B0=F
13-Feb-22 16:17:44 INFO StockSymbols(157) MarketDataDb.StockSymbols() - ZC=F
13-Feb-22 16:17:44 INFO StockSymbols(157) MarketDataDb.StockSymbols() - ZO=F
13-Feb-22 16:17:44 INFO StockSymbols(157) MarketDataDb.StockSymbols() - KE=F
13-Feb-22 16:17:44 INFO StockSymbols(157) MarketDataDb.StockSymbols() - ZR=F
13-Feb-22 16:17:44 INFO StockSymbols(157) MarketDataDb.StockSymbols() - ZM=F
13-Feb-22 16:17:44 INFO StockSymbols(157) MarketDataDb.StockSymbols() - ZL=F
13-Feb-22 16:17:44 INFO StockSymbols(157) MarketDataDb.StockSymbols() - ZS=F
13-Feb-22 16:17:44 INFO StockSymbols(157) MarketDataDb.StockSymbols() - GF=F
13-Feb-22 16:17:44 INFO StockSymbols(157) MarketDataDb.StockSymbols() - HE=F
13-Feb-22 16:17:44 INFO StockSymbols(157) MarketDataDb.StockSymbols() - LE=F
13-Feb-22 16:17:44 INFO StockSymbols(157) MarketDataDb.StockSymbols() - CC=F
13-Feb-22 16:17:44 INFO StockSymbols(157) MarketDataDb.StockSymbols() - KC=F
13-Feb-22 16:17:44 INFO StockSymbols(157) MarketDataDb.StockSymbols() - CT=F
13-Feb-22 16:17:44 INFO StockSymbols(157) MarketDataDb.StockSymbols() - LBS=F
13-Feb-22 16:17:44 INFO StockSymbols(157) MarketDataDb.StockSymbols() - OJ=F
13-Feb-22 16:17:44 INFO StockSymbols(157) MarketDataDb.StockSymbols() - SB=F
13-Feb-22 16:17:44 INFO getHistorical(43) Running AlpacaDaily.getHistorical
13-Feb-22 16:17:44 INFO getHistorical(49) 10/37
13-Feb-22 16:17:44 INFO _init_num_threads(157) NumExpr defaulting to 8 threads.
13-Feb-22 16:17:46 INFO getHistorical(49) 20/37
13-Feb-22 16:17:47 ERROR synchronize(39) SynchronizeMarketData.synchronize: list index out of range
13-Feb-22 16:17:47 ERROR getDataLine(33) YahooDaily.getDataLine: PL=F - 'NoneType' object is not subscriptable
13-Feb-22 16:17:47 ERROR synchronize(39) SynchronizeMarketData.synchronize: list index out of range
13-Feb-22 16:17:47 ERROR getDataLine(33) YahooDaily.getDataLine: PA=F - 'NoneType' object is not subscriptable
13-Feb-22 16:17:48 INFO getHistorical(49) 30/37
13-Feb-22 16:17:48 ERROR synchronize(39) SynchronizeMarketData.synchronize: list index out of range
13-Feb-22 16:17:48 ERROR getDataLine(33) YahooDaily.getDataLine: B0=F - 'NoneType' object is not subscriptable
13-Feb-22 16:17:51 ERROR synchronize(39) SynchronizeMarketData.synchronize: list index out of range
13-Feb-22 16:17:51 ERROR getDataLine(33) YahooDaily.getDataLine: OJ=F - 'NoneType' object is not subscriptable
13-Feb-22 16:17:52 INFO <module>(97) done
13-Feb-22 16:24:05 INFO <module>(66) APP.PY Started
13-Feb-22 16:24:05 INFO All(53) Running YahooDaily.All
13-Feb-22 16:24:05 INFO StockSymbols(157) MarketDataDb.StockSymbols() - ES=F
13-Feb-22 16:24:05 INFO StockSymbols(157) MarketDataDb.StockSymbols() - YM=F
13-Feb-22 16:24:05 INFO StockSymbols(157) MarketDataDb.StockSymbols() - NQ=F
13-Feb-22 16:24:05 INFO StockSymbols(157) MarketDataDb.StockSymbols() - RTY=F
13-Feb-22 16:24:05 INFO StockSymbols(157) MarketDataDb.StockSymbols() - ZB=F
13-Feb-22 16:24:05 INFO StockSymbols(157) MarketDataDb.StockSymbols() - ZN=F
13-Feb-22 16:24:05 INFO StockSymbols(157) MarketDataDb.StockSymbols() - ZF=F
13-Feb-22 16:24:05 INFO StockSymbols(157) MarketDataDb.StockSymbols() - ZT=F
13-Feb-22 16:24:05 INFO StockSymbols(157) MarketDataDb.StockSymbols() - GC=F
13-Feb-22 16:24:05 INFO StockSymbols(157) MarketDataDb.StockSymbols() - MGC=F
13-Feb-22 16:24:05 INFO StockSymbols(157) MarketDataDb.StockSymbols() - SI=F
13-Feb-22 16:24:05 INFO StockSymbols(157) MarketDataDb.StockSymbols() - SIL=F
13-Feb-22 16:24:05 INFO StockSymbols(157) MarketDataDb.StockSymbols() - PL=F
13-Feb-22 16:24:05 INFO StockSymbols(157) MarketDataDb.StockSymbols() - HG=F
13-Feb-22 16:24:05 INFO StockSymbols(157) MarketDataDb.StockSymbols() - PA=F
13-Feb-22 16:24:05 INFO StockSymbols(157) MarketDataDb.StockSymbols() - CL=F
13-Feb-22 16:24:05 INFO StockSymbols(157) MarketDataDb.StockSymbols() - HO=F
13-Feb-22 16:24:05 INFO StockSymbols(157) MarketDataDb.StockSymbols() - NG=F
13-Feb-22 16:24:05 INFO StockSymbols(157) MarketDataDb.StockSymbols() - RB=F
13-Feb-22 16:24:05 INFO StockSymbols(157) MarketDataDb.StockSymbols() - BZ=F
13-Feb-22 16:24:05 INFO StockSymbols(157) MarketDataDb.StockSymbols() - B0=F
13-Feb-22 16:24:05 INFO StockSymbols(157) MarketDataDb.StockSymbols() - ZC=F
13-Feb-22 16:24:05 INFO StockSymbols(157) MarketDataDb.StockSymbols() - ZO=F
13-Feb-22 16:24:05 INFO StockSymbols(157) MarketDataDb.StockSymbols() - KE=F
13-Feb-22 16:24:05 INFO StockSymbols(157) MarketDataDb.StockSymbols() - ZR=F
13-Feb-22 16:24:05 INFO StockSymbols(157) MarketDataDb.StockSymbols() - ZM=F
13-Feb-22 16:24:05 INFO StockSymbols(157) MarketDataDb.StockSymbols() - ZL=F
13-Feb-22 16:24:05 INFO StockSymbols(157) MarketDataDb.StockSymbols() - ZS=F
13-Feb-22 16:24:05 INFO StockSymbols(157) MarketDataDb.StockSymbols() - GF=F
13-Feb-22 16:24:05 INFO StockSymbols(157) MarketDataDb.StockSymbols() - HE=F
13-Feb-22 16:24:05 INFO StockSymbols(157) MarketDataDb.StockSymbols() - LE=F
13-Feb-22 16:24:05 INFO StockSymbols(157) MarketDataDb.StockSymbols() - CC=F
13-Feb-22 16:24:05 INFO StockSymbols(157) MarketDataDb.StockSymbols() - KC=F
13-Feb-22 16:24:05 INFO StockSymbols(157) MarketDataDb.StockSymbols() - CT=F
13-Feb-22 16:24:05 INFO StockSymbols(157) MarketDataDb.StockSymbols() - LBS=F
13-Feb-22 16:24:05 INFO StockSymbols(157) MarketDataDb.StockSymbols() - OJ=F
13-Feb-22 16:24:05 INFO StockSymbols(157) MarketDataDb.StockSymbols() - SB=F
13-Feb-22 16:24:05 INFO getHistorical(43) Running AlpacaDaily.getHistorical
13-Feb-22 16:24:05 INFO _init_num_threads(157) NumExpr defaulting to 8 threads.
13-Feb-22 16:24:07 INFO getHistorical(49) 10/37
13-Feb-22 16:24:12 INFO getHistorical(49) 20/37
13-Feb-22 16:24:16 INFO getHistorical(49) 30/37
13-Feb-22 16:24:25 INFO <module>(97) done
13-Feb-22 16:28:33 INFO <module>(66) APP.PY Started
13-Feb-22 16:28:33 INFO All(53) Running YahooDaily.All
13-Feb-22 16:28:33 INFO StockSymbols(157) MarketDataDb.StockSymbols() - ES=F
13-Feb-22 16:28:33 INFO StockSymbols(157) MarketDataDb.StockSymbols() - YM=F
13-Feb-22 16:28:33 INFO StockSymbols(157) MarketDataDb.StockSymbols() - NQ=F
13-Feb-22 16:28:33 INFO StockSymbols(157) MarketDataDb.StockSymbols() - RTY=F
13-Feb-22 16:28:33 INFO StockSymbols(157) MarketDataDb.StockSymbols() - ZB=F
13-Feb-22 16:28:33 INFO StockSymbols(157) MarketDataDb.StockSymbols() - ZN=F
13-Feb-22 16:28:33 INFO StockSymbols(157) MarketDataDb.StockSymbols() - ZF=F
13-Feb-22 16:28:33 INFO StockSymbols(157) MarketDataDb.StockSymbols() - ZT=F
13-Feb-22 16:28:33 INFO StockSymbols(157) MarketDataDb.StockSymbols() - GC=F
13-Feb-22 16:28:33 INFO StockSymbols(157) MarketDataDb.StockSymbols() - MGC=F
13-Feb-22 16:28:33 INFO StockSymbols(157) MarketDataDb.StockSymbols() - SI=F
13-Feb-22 16:28:33 INFO StockSymbols(157) MarketDataDb.StockSymbols() - SIL=F
13-Feb-22 16:28:33 INFO StockSymbols(157) MarketDataDb.StockSymbols() - PL=F
13-Feb-22 16:28:33 INFO StockSymbols(157) MarketDataDb.StockSymbols() - HG=F
13-Feb-22 16:28:33 INFO StockSymbols(157) MarketDataDb.StockSymbols() - PA=F
13-Feb-22 16:28:33 INFO StockSymbols(157) MarketDataDb.StockSymbols() - CL=F
13-Feb-22 16:28:33 INFO StockSymbols(157) MarketDataDb.StockSymbols() - HO=F
13-Feb-22 16:28:33 INFO StockSymbols(157) MarketDataDb.StockSymbols() - NG=F
13-Feb-22 16:28:33 INFO StockSymbols(157) MarketDataDb.StockSymbols() - RB=F
13-Feb-22 16:28:33 INFO StockSymbols(157) MarketDataDb.StockSymbols() - BZ=F
13-Feb-22 16:28:33 INFO StockSymbols(157) MarketDataDb.StockSymbols() - B0=F
13-Feb-22 16:28:33 INFO StockSymbols(157) MarketDataDb.StockSymbols() - ZC=F
13-Feb-22 16:28:33 INFO StockSymbols(157) MarketDataDb.StockSymbols() - ZO=F
13-Feb-22 16:28:33 INFO StockSymbols(157) MarketDataDb.StockSymbols() - KE=F
13-Feb-22 16:28:33 INFO StockSymbols(157) MarketDataDb.StockSymbols() - ZR=F
13-Feb-22 16:28:33 INFO StockSymbols(157) MarketDataDb.StockSymbols() - ZM=F
13-Feb-22 16:28:33 INFO StockSymbols(157) MarketDataDb.StockSymbols() - ZL=F
13-Feb-22 16:28:33 INFO StockSymbols(157) MarketDataDb.StockSymbols() - ZS=F
13-Feb-22 16:28:33 INFO StockSymbols(157) MarketDataDb.StockSymbols() - GF=F
13-Feb-22 16:28:33 INFO StockSymbols(157) MarketDataDb.StockSymbols() - HE=F
13-Feb-22 16:28:33 INFO StockSymbols(157) MarketDataDb.StockSymbols() - LE=F
13-Feb-22 16:28:33 INFO StockSymbols(157) MarketDataDb.StockSymbols() - CC=F
13-Feb-22 16:28:33 INFO StockSymbols(157) MarketDataDb.StockSymbols() - KC=F
13-Feb-22 16:28:33 INFO StockSymbols(157) MarketDataDb.StockSymbols() - CT=F
13-Feb-22 16:28:33 INFO StockSymbols(157) MarketDataDb.StockSymbols() - LBS=F
13-Feb-22 16:28:33 INFO StockSymbols(157) MarketDataDb.StockSymbols() - OJ=F
13-Feb-22 16:28:33 INFO StockSymbols(157) MarketDataDb.StockSymbols() - SB=F
13-Feb-22 16:28:33 INFO getHistorical(43) Running AlpacaDaily.getHistorical
13-Feb-22 16:28:33 INFO _init_num_threads(157) NumExpr defaulting to 8 threads.
13-Feb-22 16:28:35 INFO getHistorical(49) 10/37
13-Feb-22 16:28:40 INFO getHistorical(49) 20/37
13-Feb-22 16:28:44 INFO getHistorical(49) 30/37
13-Feb-22 16:28:50 INFO <module>(97) done
13-Feb-22 16:33:35 INFO <module>(66) APP.PY Started
13-Feb-22 16:33:35 INFO All(53) Running YahooDaily.All
13-Feb-22 16:33:35 INFO StockSymbols(157) MarketDataDb.StockSymbols() - ES=F
13-Feb-22 16:33:35 INFO StockSymbols(157) MarketDataDb.StockSymbols() - YM=F
13-Feb-22 16:33:35 INFO StockSymbols(157) MarketDataDb.StockSymbols() - NQ=F
13-Feb-22 16:33:35 INFO StockSymbols(157) MarketDataDb.StockSymbols() - RTY=F
13-Feb-22 16:33:35 INFO StockSymbols(157) MarketDataDb.StockSymbols() - ZB=F
13-Feb-22 16:33:35 INFO StockSymbols(157) MarketDataDb.StockSymbols() - ZN=F
13-Feb-22 16:33:35 INFO StockSymbols(157) MarketDataDb.StockSymbols() - ZF=F
13-Feb-22 16:33:35 INFO StockSymbols(157) MarketDataDb.StockSymbols() - ZT=F
13-Feb-22 16:33:35 INFO StockSymbols(157) MarketDataDb.StockSymbols() - GC=F
13-Feb-22 16:33:35 INFO StockSymbols(157) MarketDataDb.StockSymbols() - MGC=F
13-Feb-22 16:33:35 INFO StockSymbols(157) MarketDataDb.StockSymbols() - SI=F
13-Feb-22 16:33:35 INFO StockSymbols(157) MarketDataDb.StockSymbols() - SIL=F
13-Feb-22 16:33:35 INFO StockSymbols(157) MarketDataDb.StockSymbols() - PL=F
13-Feb-22 16:33:35 INFO StockSymbols(157) MarketDataDb.StockSymbols() - HG=F
13-Feb-22 16:33:35 INFO StockSymbols(157) MarketDataDb.StockSymbols() - PA=F
13-Feb-22 16:33:35 INFO StockSymbols(157) MarketDataDb.StockSymbols() - CL=F
13-Feb-22 16:33:35 INFO StockSymbols(157) MarketDataDb.StockSymbols() - HO=F
13-Feb-22 16:33:35 INFO StockSymbols(157) MarketDataDb.StockSymbols() - NG=F
13-Feb-22 16:33:35 INFO StockSymbols(157) MarketDataDb.StockSymbols() - RB=F
13-Feb-22 16:33:35 INFO StockSymbols(157) MarketDataDb.StockSymbols() - BZ=F
13-Feb-22 16:33:35 INFO StockSymbols(157) MarketDataDb.StockSymbols() - B0=F
13-Feb-22 16:33:35 INFO StockSymbols(157) MarketDataDb.StockSymbols() - ZC=F
13-Feb-22 16:33:35 INFO StockSymbols(157) MarketDataDb.StockSymbols() - ZO=F
13-Feb-22 16:33:35 INFO StockSymbols(157) MarketDataDb.StockSymbols() - KE=F
13-Feb-22 16:33:35 INFO StockSymbols(157) MarketDataDb.StockSymbols() - ZR=F
13-Feb-22 16:33:35 INFO StockSymbols(157) MarketDataDb.StockSymbols() - ZM=F
13-Feb-22 16:33:35 INFO StockSymbols(157) MarketDataDb.StockSymbols() - ZL=F
13-Feb-22 16:33:35 INFO StockSymbols(157) MarketDataDb.StockSymbols() - ZS=F
13-Feb-22 16:33:35 INFO StockSymbols(157) MarketDataDb.StockSymbols() - GF=F
13-Feb-22 16:33:35 INFO StockSymbols(157) MarketDataDb.StockSymbols() - HE=F
13-Feb-22 16:33:35 INFO StockSymbols(157) MarketDataDb.StockSymbols() - LE=F
13-Feb-22 16:33:35 INFO StockSymbols(157) MarketDataDb.StockSymbols() - CC=F
13-Feb-22 16:33:35 INFO StockSymbols(157) MarketDataDb.StockSymbols() - KC=F
13-Feb-22 16:33:35 INFO StockSymbols(157) MarketDataDb.StockSymbols() - CT=F
13-Feb-22 16:33:35 INFO StockSymbols(157) MarketDataDb.StockSymbols() - LBS=F
13-Feb-22 16:33:35 INFO StockSymbols(157) MarketDataDb.StockSymbols() - OJ=F
13-Feb-22 16:33:35 INFO StockSymbols(157) MarketDataDb.StockSymbols() - SB=F
13-Feb-22 16:33:35 INFO getHistorical(43) Running AlpacaDaily.getHistorical
13-Feb-22 16:33:36 INFO _init_num_threads(157) NumExpr defaulting to 8 threads.
13-Feb-22 16:36:48 INFO <module>(66) APP.PY Started
13-Feb-22 16:36:48 INFO All(53) Running YahooDaily.All
13-Feb-22 16:36:48 INFO StockSymbols(157) MarketDataDb.StockSymbols() - ES=F
13-Feb-22 16:36:48 INFO StockSymbols(157) MarketDataDb.StockSymbols() - YM=F
13-Feb-22 16:36:48 INFO StockSymbols(157) MarketDataDb.StockSymbols() - NQ=F
13-Feb-22 16:36:48 INFO StockSymbols(157) MarketDataDb.StockSymbols() - RTY=F
13-Feb-22 16:36:48 INFO StockSymbols(157) MarketDataDb.StockSymbols() - ZB=F
13-Feb-22 16:36:48 INFO StockSymbols(157) MarketDataDb.StockSymbols() - ZN=F
13-Feb-22 16:36:48 INFO StockSymbols(157) MarketDataDb.StockSymbols() - ZF=F
13-Feb-22 16:36:48 INFO StockSymbols(157) MarketDataDb.StockSymbols() - ZT=F
13-Feb-22 16:36:48 INFO StockSymbols(157) MarketDataDb.StockSymbols() - GC=F
13-Feb-22 16:36:48 INFO StockSymbols(157) MarketDataDb.StockSymbols() - MGC=F
13-Feb-22 16:36:48 INFO StockSymbols(157) MarketDataDb.StockSymbols() - SI=F
13-Feb-22 16:36:48 INFO StockSymbols(157) MarketDataDb.StockSymbols() - SIL=F
13-Feb-22 16:36:48 INFO StockSymbols(157) MarketDataDb.StockSymbols() - PL=F
13-Feb-22 16:36:48 INFO StockSymbols(157) MarketDataDb.StockSymbols() - HG=F
13-Feb-22 16:36:48 INFO StockSymbols(157) MarketDataDb.StockSymbols() - PA=F
13-Feb-22 16:36:48 INFO StockSymbols(157) MarketDataDb.StockSymbols() - CL=F
13-Feb-22 16:36:48 INFO StockSymbols(157) MarketDataDb.StockSymbols() - HO=F
13-Feb-22 16:36:48 INFO StockSymbols(157) MarketDataDb.StockSymbols() - NG=F
13-Feb-22 16:36:48 INFO StockSymbols(157) MarketDataDb.StockSymbols() - RB=F
13-Feb-22 16:36:48 INFO StockSymbols(157) MarketDataDb.StockSymbols() - BZ=F
13-Feb-22 16:36:48 INFO StockSymbols(157) MarketDataDb.StockSymbols() - B0=F
13-Feb-22 16:36:48 INFO StockSymbols(157) MarketDataDb.StockSymbols() - ZC=F
13-Feb-22 16:36:48 INFO StockSymbols(157) MarketDataDb.StockSymbols() - ZO=F
13-Feb-22 16:36:48 INFO StockSymbols(157) MarketDataDb.StockSymbols() - KE=F
13-Feb-22 16:36:48 INFO StockSymbols(157) MarketDataDb.StockSymbols() - ZR=F
13-Feb-22 16:36:48 INFO StockSymbols(157) MarketDataDb.StockSymbols() - ZM=F
13-Feb-22 16:36:48 INFO StockSymbols(157) MarketDataDb.StockSymbols() - ZL=F
13-Feb-22 16:36:48 INFO StockSymbols(157) MarketDataDb.StockSymbols() - ZS=F
13-Feb-22 16:36:48 INFO StockSymbols(157) MarketDataDb.StockSymbols() - GF=F
13-Feb-22 16:36:48 INFO StockSymbols(157) MarketDataDb.StockSymbols() - HE=F
13-Feb-22 16:36:48 INFO StockSymbols(157) MarketDataDb.StockSymbols() - LE=F
13-Feb-22 16:36:48 INFO StockSymbols(157) MarketDataDb.StockSymbols() - CC=F
13-Feb-22 16:36:48 INFO StockSymbols(157) MarketDataDb.StockSymbols() - KC=F
13-Feb-22 16:36:48 INFO StockSymbols(157) MarketDataDb.StockSymbols() - CT=F
13-Feb-22 16:36:48 INFO StockSymbols(157) MarketDataDb.StockSymbols() - LBS=F
13-Feb-22 16:36:48 INFO StockSymbols(157) MarketDataDb.StockSymbols() - OJ=F
13-Feb-22 16:36:48 INFO StockSymbols(157) MarketDataDb.StockSymbols() - SB=F
13-Feb-22 16:36:48 INFO getHistorical(43) Running AlpacaDaily.getHistorical
13-Feb-22 16:36:48 INFO _init_num_threads(157) NumExpr defaulting to 8 threads.
13-Feb-22 16:36:56 INFO getHistorical(49) 10/37
13-Feb-22 16:37:00 INFO getHistorical(49) 20/37
13-Feb-22 16:37:04 INFO getHistorical(49) 30/37
13-Feb-22 16:37:10 INFO <module>(97) done
13-Feb-22 16:37:56 INFO <module>(66) APP.PY Started
13-Feb-22 16:37:56 INFO All(53) Running YahooDaily.All
13-Feb-22 16:37:56 INFO StockSymbols(157) MarketDataDb.StockSymbols() - ES=F
13-Feb-22 16:37:56 INFO StockSymbols(157) MarketDataDb.StockSymbols() - YM=F
13-Feb-22 16:37:56 INFO StockSymbols(157) MarketDataDb.StockSymbols() - NQ=F
13-Feb-22 16:37:56 INFO StockSymbols(157) MarketDataDb.StockSymbols() - RTY=F
13-Feb-22 16:37:56 INFO StockSymbols(157) MarketDataDb.StockSymbols() - ZB=F
13-Feb-22 16:37:56 INFO StockSymbols(157) MarketDataDb.StockSymbols() - ZN=F
13-Feb-22 16:37:56 INFO StockSymbols(157) MarketDataDb.StockSymbols() - ZF=F
13-Feb-22 16:37:56 INFO StockSymbols(157) MarketDataDb.StockSymbols() - ZT=F
13-Feb-22 16:37:56 INFO StockSymbols(157) MarketDataDb.StockSymbols() - GC=F
13-Feb-22 16:37:56 INFO StockSymbols(157) MarketDataDb.StockSymbols() - MGC=F
13-Feb-22 16:37:56 INFO StockSymbols(157) MarketDataDb.StockSymbols() - SI=F
13-Feb-22 16:37:56 INFO StockSymbols(157) MarketDataDb.StockSymbols() - SIL=F
13-Feb-22 16:37:56 INFO StockSymbols(157) MarketDataDb.StockSymbols() - PL=F
13-Feb-22 16:37:56 INFO StockSymbols(157) MarketDataDb.StockSymbols() - HG=F
13-Feb-22 16:37:56 INFO StockSymbols(157) MarketDataDb.StockSymbols() - PA=F
13-Feb-22 16:37:56 INFO StockSymbols(157) MarketDataDb.StockSymbols() - CL=F
13-Feb-22 16:37:56 INFO StockSymbols(157) MarketDataDb.StockSymbols() - HO=F
13-Feb-22 16:37:56 INFO StockSymbols(157) MarketDataDb.StockSymbols() - NG=F
13-Feb-22 16:37:56 INFO StockSymbols(157) MarketDataDb.StockSymbols() - RB=F
13-Feb-22 16:37:56 INFO StockSymbols(157) MarketDataDb.StockSymbols() - BZ=F
13-Feb-22 16:37:56 INFO StockSymbols(157) MarketDataDb.StockSymbols() - B0=F
13-Feb-22 16:37:56 INFO StockSymbols(157) MarketDataDb.StockSymbols() - ZC=F
13-Feb-22 16:37:56 INFO StockSymbols(157) MarketDataDb.StockSymbols() - ZO=F
13-Feb-22 16:37:56 INFO StockSymbols(157) MarketDataDb.StockSymbols() - KE=F
13-Feb-22 16:37:56 INFO StockSymbols(157) MarketDataDb.StockSymbols() - ZR=F
13-Feb-22 16:37:56 INFO StockSymbols(157) MarketDataDb.StockSymbols() - ZM=F
13-Feb-22 16:37:56 INFO StockSymbols(157) MarketDataDb.StockSymbols() - ZL=F
13-Feb-22 16:37:56 INFO StockSymbols(157) MarketDataDb.StockSymbols() - ZS=F
13-Feb-22 16:37:56 INFO StockSymbols(157) MarketDataDb.StockSymbols() - GF=F
13-Feb-22 16:37:56 INFO StockSymbols(157) MarketDataDb.StockSymbols() - HE=F
13-Feb-22 16:37:56 INFO StockSymbols(157) MarketDataDb.StockSymbols() - LE=F
13-Feb-22 16:37:56 INFO StockSymbols(157) MarketDataDb.StockSymbols() - CC=F
13-Feb-22 16:37:56 INFO StockSymbols(157) MarketDataDb.StockSymbols() - KC=F
13-Feb-22 16:37:56 INFO StockSymbols(157) MarketDataDb.StockSymbols() - CT=F
13-Feb-22 16:37:56 INFO StockSymbols(157) MarketDataDb.StockSymbols() - LBS=F
13-Feb-22 16:37:56 INFO StockSymbols(157) MarketDataDb.StockSymbols() - OJ=F
13-Feb-22 16:37:56 INFO StockSymbols(157) MarketDataDb.StockSymbols() - SB=F
13-Feb-22 16:37:56 INFO getHistorical(43) Running AlpacaDaily.getHistorical
13-Feb-22 16:37:56 INFO _init_num_threads(157) NumExpr defaulting to 8 threads.
13-Feb-22 16:38:08 INFO getHistorical(49) 10/37
13-Feb-22 16:38:12 INFO getHistorical(49) 20/37
13-Feb-22 16:38:16 INFO getHistorical(49) 30/37
13-Feb-22 16:38:58 INFO <module>(66) APP.PY Started
13-Feb-22 16:38:58 INFO All(53) Running YahooDaily.All
13-Feb-22 16:38:58 INFO StockSymbols(157) MarketDataDb.StockSymbols() - ES=F
13-Feb-22 16:38:58 INFO StockSymbols(157) MarketDataDb.StockSymbols() - YM=F
13-Feb-22 16:38:58 INFO StockSymbols(157) MarketDataDb.StockSymbols() - NQ=F
13-Feb-22 16:38:58 INFO StockSymbols(157) MarketDataDb.StockSymbols() - RTY=F
13-Feb-22 16:38:58 INFO StockSymbols(157) MarketDataDb.StockSymbols() - ZB=F
13-Feb-22 16:38:58 INFO StockSymbols(157) MarketDataDb.StockSymbols() - ZN=F
13-Feb-22 16:38:58 INFO StockSymbols(157) MarketDataDb.StockSymbols() - ZF=F
13-Feb-22 16:38:58 INFO StockSymbols(157) MarketDataDb.StockSymbols() - ZT=F
13-Feb-22 16:38:58 INFO StockSymbols(157) MarketDataDb.StockSymbols() - GC=F
13-Feb-22 16:38:58 INFO StockSymbols(157) MarketDataDb.StockSymbols() - MGC=F
13-Feb-22 16:38:58 INFO StockSymbols(157) MarketDataDb.StockSymbols() - SI=F
13-Feb-22 16:38:58 INFO StockSymbols(157) MarketDataDb.StockSymbols() - SIL=F
13-Feb-22 16:38:58 INFO StockSymbols(157) MarketDataDb.StockSymbols() - PL=F
13-Feb-22 16:38:58 INFO StockSymbols(157) MarketDataDb.StockSymbols() - HG=F
13-Feb-22 16:38:58 INFO StockSymbols(157) MarketDataDb.StockSymbols() - PA=F
13-Feb-22 16:38:58 INFO StockSymbols(157) MarketDataDb.StockSymbols() - CL=F
13-Feb-22 16:38:58 INFO StockSymbols(157) MarketDataDb.StockSymbols() - HO=F
13-Feb-22 16:38:58 INFO StockSymbols(157) MarketDataDb.StockSymbols() - NG=F
13-Feb-22 16:38:58 INFO StockSymbols(157) MarketDataDb.StockSymbols() - RB=F
13-Feb-22 16:38:58 INFO StockSymbols(157) MarketDataDb.StockSymbols() - BZ=F
13-Feb-22 16:38:58 INFO StockSymbols(157) MarketDataDb.StockSymbols() - B0=F
13-Feb-22 16:38:58 INFO StockSymbols(157) MarketDataDb.StockSymbols() - ZC=F
13-Feb-22 16:38:58 INFO StockSymbols(157) MarketDataDb.StockSymbols() - ZO=F
13-Feb-22 16:38:58 INFO StockSymbols(157) MarketDataDb.StockSymbols() - KE=F
13-Feb-22 16:38:58 INFO StockSymbols(157) MarketDataDb.StockSymbols() - ZR=F
13-Feb-22 16:38:58 INFO StockSymbols(157) MarketDataDb.StockSymbols() - ZM=F
13-Feb-22 16:38:58 INFO StockSymbols(157) MarketDataDb.StockSymbols() - ZL=F
13-Feb-22 16:38:58 INFO StockSymbols(157) MarketDataDb.StockSymbols() - ZS=F
13-Feb-22 16:38:58 INFO StockSymbols(157) MarketDataDb.StockSymbols() - GF=F
13-Feb-22 16:38:58 INFO StockSymbols(157) MarketDataDb.StockSymbols() - HE=F
13-Feb-22 16:38:58 INFO StockSymbols(157) MarketDataDb.StockSymbols() - LE=F
13-Feb-22 16:38:58 INFO StockSymbols(157) MarketDataDb.StockSymbols() - CC=F
13-Feb-22 16:38:58 INFO StockSymbols(157) MarketDataDb.StockSymbols() - KC=F
13-Feb-22 16:38:58 INFO StockSymbols(157) MarketDataDb.StockSymbols() - CT=F
13-Feb-22 16:38:58 INFO StockSymbols(157) MarketDataDb.StockSymbols() - LBS=F
13-Feb-22 16:38:58 INFO StockSymbols(157) MarketDataDb.StockSymbols() - OJ=F
13-Feb-22 16:38:58 INFO StockSymbols(157) MarketDataDb.StockSymbols() - SB=F
13-Feb-22 16:38:58 INFO getHistorical(43) Running AlpacaDaily.getHistorical
13-Feb-22 16:38:58 INFO _init_num_threads(157) NumExpr defaulting to 8 threads.
13-Feb-22 16:40:05 INFO <module>(66) APP.PY Started
13-Feb-22 16:40:05 INFO All(53) Running YahooDaily.All
13-Feb-22 16:40:05 INFO StockSymbols(157) MarketDataDb.StockSymbols() - ES=F
13-Feb-22 16:40:05 INFO StockSymbols(157) MarketDataDb.StockSymbols() - YM=F
13-Feb-22 16:40:05 INFO StockSymbols(157) MarketDataDb.StockSymbols() - NQ=F
13-Feb-22 16:40:05 INFO StockSymbols(157) MarketDataDb.StockSymbols() - RTY=F
13-Feb-22 16:40:05 INFO StockSymbols(157) MarketDataDb.StockSymbols() - ZB=F
13-Feb-22 16:40:05 INFO StockSymbols(157) MarketDataDb.StockSymbols() - ZN=F
13-Feb-22 16:40:05 INFO StockSymbols(157) MarketDataDb.StockSymbols() - ZF=F
13-Feb-22 16:40:05 INFO StockSymbols(157) MarketDataDb.StockSymbols() - ZT=F
13-Feb-22 16:40:05 INFO StockSymbols(157) MarketDataDb.StockSymbols() - GC=F
13-Feb-22 16:40:05 INFO StockSymbols(157) MarketDataDb.StockSymbols() - MGC=F
13-Feb-22 16:40:05 INFO StockSymbols(157) MarketDataDb.StockSymbols() - SI=F
13-Feb-22 16:40:05 INFO StockSymbols(157) MarketDataDb.StockSymbols() - SIL=F
13-Feb-22 16:40:05 INFO StockSymbols(157) MarketDataDb.StockSymbols() - PL=F
13-Feb-22 16:40:05 INFO StockSymbols(157) MarketDataDb.StockSymbols() - HG=F
13-Feb-22 16:40:05 INFO StockSymbols(157) MarketDataDb.StockSymbols() - PA=F
13-Feb-22 16:40:05 INFO StockSymbols(157) MarketDataDb.StockSymbols() - CL=F
13-Feb-22 16:40:05 INFO StockSymbols(157) MarketDataDb.StockSymbols() - HO=F
13-Feb-22 16:40:05 INFO StockSymbols(157) MarketDataDb.StockSymbols() - NG=F
13-Feb-22 16:40:05 INFO StockSymbols(157) MarketDataDb.StockSymbols() - RB=F
13-Feb-22 16:40:05 INFO StockSymbols(157) MarketDataDb.StockSymbols() - BZ=F
13-Feb-22 16:40:05 INFO StockSymbols(157) MarketDataDb.StockSymbols() - B0=F
13-Feb-22 16:40:05 INFO StockSymbols(157) MarketDataDb.StockSymbols() - ZC=F
13-Feb-22 16:40:05 INFO StockSymbols(157) MarketDataDb.StockSymbols() - ZO=F
13-Feb-22 16:40:05 INFO StockSymbols(157) MarketDataDb.StockSymbols() - KE=F
13-Feb-22 16:40:05 INFO StockSymbols(157) MarketDataDb.StockSymbols() - ZR=F
13-Feb-22 16:40:05 INFO StockSymbols(157) MarketDataDb.StockSymbols() - ZM=F
13-Feb-22 16:40:05 INFO StockSymbols(157) MarketDataDb.StockSymbols() - ZL=F
13-Feb-22 16:40:05 INFO StockSymbols(157) MarketDataDb.StockSymbols() - ZS=F
13-Feb-22 16:40:05 INFO StockSymbols(157) MarketDataDb.StockSymbols() - GF=F
13-Feb-22 16:40:05 INFO StockSymbols(157) MarketDataDb.StockSymbols() - HE=F
13-Feb-22 16:40:05 INFO StockSymbols(157) MarketDataDb.StockSymbols() - LE=F
13-Feb-22 16:40:05 INFO StockSymbols(157) MarketDataDb.StockSymbols() - CC=F
13-Feb-22 16:40:05 INFO StockSymbols(157) MarketDataDb.StockSymbols() - KC=F
13-Feb-22 16:40:05 INFO StockSymbols(157) MarketDataDb.StockSymbols() - CT=F
13-Feb-22 16:40:05 INFO StockSymbols(157) MarketDataDb.StockSymbols() - LBS=F
13-Feb-22 16:40:05 INFO StockSymbols(157) MarketDataDb.StockSymbols() - OJ=F
13-Feb-22 16:40:05 INFO StockSymbols(157) MarketDataDb.StockSymbols() - SB=F
13-Feb-22 16:40:05 INFO getHistorical(43) Running AlpacaDaily.getHistorical
13-Feb-22 16:40:05 INFO _init_num_threads(157) NumExpr defaulting to 8 threads.
13-Feb-22 16:44:23 INFO <module>(66) APP.PY Started
13-Feb-22 16:44:23 INFO All(53) Running YahooDaily.All
13-Feb-22 16:44:23 INFO StockSymbols(157) MarketDataDb.StockSymbols() - ES=F
13-Feb-22 16:44:23 INFO StockSymbols(157) MarketDataDb.StockSymbols() - YM=F
13-Feb-22 16:44:23 INFO StockSymbols(157) MarketDataDb.StockSymbols() - NQ=F
13-Feb-22 16:44:23 INFO StockSymbols(157) MarketDataDb.StockSymbols() - RTY=F
13-Feb-22 16:44:23 INFO StockSymbols(157) MarketDataDb.StockSymbols() - ZB=F
13-Feb-22 16:44:23 INFO StockSymbols(157) MarketDataDb.StockSymbols() - ZN=F
13-Feb-22 16:44:23 INFO StockSymbols(157) MarketDataDb.StockSymbols() - ZF=F
13-Feb-22 16:44:23 INFO StockSymbols(157) MarketDataDb.StockSymbols() - ZT=F
13-Feb-22 16:44:23 INFO StockSymbols(157) MarketDataDb.StockSymbols() - GC=F
13-Feb-22 16:44:23 INFO StockSymbols(157) MarketDataDb.StockSymbols() - MGC=F
13-Feb-22 16:44:23 INFO StockSymbols(157) MarketDataDb.StockSymbols() - SI=F
13-Feb-22 16:44:23 INFO StockSymbols(157) MarketDataDb.StockSymbols() - SIL=F
13-Feb-22 16:44:23 INFO StockSymbols(157) MarketDataDb.StockSymbols() - PL=F
13-Feb-22 16:44:23 INFO StockSymbols(157) MarketDataDb.StockSymbols() - HG=F
13-Feb-22 16:44:23 INFO StockSymbols(157) MarketDataDb.StockSymbols() - PA=F
13-Feb-22 16:44:23 INFO StockSymbols(157) MarketDataDb.StockSymbols() - CL=F
13-Feb-22 16:44:23 INFO StockSymbols(157) MarketDataDb.StockSymbols() - HO=F
13-Feb-22 16:44:23 INFO StockSymbols(157) MarketDataDb.StockSymbols() - NG=F
13-Feb-22 16:44:23 INFO StockSymbols(157) MarketDataDb.StockSymbols() - RB=F
13-Feb-22 16:44:23 INFO StockSymbols(157) MarketDataDb.StockSymbols() - BZ=F
13-Feb-22 16:44:23 INFO StockSymbols(157) MarketDataDb.StockSymbols() - B0=F
13-Feb-22 16:44:23 INFO StockSymbols(157) MarketDataDb.StockSymbols() - ZC=F
13-Feb-22 16:44:23 INFO StockSymbols(157) MarketDataDb.StockSymbols() - ZO=F
13-Feb-22 16:44:23 INFO StockSymbols(157) MarketDataDb.StockSymbols() - KE=F
13-Feb-22 16:44:23 INFO StockSymbols(157) MarketDataDb.StockSymbols() - ZR=F
13-Feb-22 16:44:23 INFO StockSymbols(157) MarketDataDb.StockSymbols() - ZM=F
13-Feb-22 16:44:23 INFO StockSymbols(157) MarketDataDb.StockSymbols() - ZL=F
13-Feb-22 16:44:23 INFO StockSymbols(157) MarketDataDb.StockSymbols() - ZS=F
13-Feb-22 16:44:23 INFO StockSymbols(157) MarketDataDb.StockSymbols() - GF=F
13-Feb-22 16:44:23 INFO StockSymbols(157) MarketDataDb.StockSymbols() - HE=F
13-Feb-22 16:44:23 INFO StockSymbols(157) MarketDataDb.StockSymbols() - LE=F
13-Feb-22 16:44:23 INFO StockSymbols(157) MarketDataDb.StockSymbols() - CC=F
13-Feb-22 16:44:23 INFO StockSymbols(157) MarketDataDb.StockSymbols() - KC=F
13-Feb-22 16:44:23 INFO StockSymbols(157) MarketDataDb.StockSymbols() - CT=F
13-Feb-22 16:44:23 INFO StockSymbols(157) MarketDataDb.StockSymbols() - LBS=F
13-Feb-22 16:44:23 INFO StockSymbols(157) MarketDataDb.StockSymbols() - OJ=F
13-Feb-22 16:44:23 INFO StockSymbols(157) MarketDataDb.StockSymbols() - SB=F
13-Feb-22 16:44:23 INFO getHistorical(43) Running AlpacaDaily.getHistorical
13-Feb-22 16:44:24 INFO _init_num_threads(157) NumExpr defaulting to 8 threads.
13-Feb-22 16:44:25 ERROR getDataLine(33) YahooDaily.getDataLine: RTY=F - startIndex() takes 2 positional arguments but 3 were given
13-Feb-22 16:44:25 ERROR getDataLine(33) YahooDaily.getDataLine: ES=F - startIndex() takes 2 positional arguments but 3 were given
13-Feb-22 16:44:25 ERROR getDataLine(33) YahooDaily.getDataLine: YM=F - startIndex() takes 2 positional arguments but 3 were given
13-Feb-22 16:44:25 ERROR getDataLine(33) YahooDaily.getDataLine: ZB=F - startIndex() takes 2 positional arguments but 3 were given
13-Feb-22 16:44:25 ERROR getDataLine(33) YahooDaily.getDataLine: NQ=F - startIndex() takes 2 positional arguments but 3 were given
13-Feb-22 16:44:26 INFO getHistorical(49) 10/37
13-Feb-22 16:44:27 ERROR getDataLine(33) YahooDaily.getDataLine: ZN=F - startIndex() takes 2 positional arguments but 3 were given
13-Feb-22 16:44:27 ERROR getDataLine(33) YahooDaily.getDataLine: ZT=F - startIndex() takes 2 positional arguments but 3 were given
13-Feb-22 16:44:27 ERROR getDataLine(33) YahooDaily.getDataLine: ZF=F - startIndex() takes 2 positional arguments but 3 were given
13-Feb-22 16:44:27 ERROR getDataLine(33) YahooDaily.getDataLine: GC=F - startIndex() takes 2 positional arguments but 3 were given
13-Feb-22 16:44:27 ERROR getDataLine(33) YahooDaily.getDataLine: MGC=F - startIndex() takes 2 positional arguments but 3 were given
13-Feb-22 16:44:29 ERROR getDataLine(33) YahooDaily.getDataLine: SIL=F - startIndex() takes 2 positional arguments but 3 were given
13-Feb-22 16:44:29 ERROR getDataLine(33) YahooDaily.getDataLine: SI=F - startIndex() takes 2 positional arguments but 3 were given
13-Feb-22 16:44:29 ERROR getDataLine(33) YahooDaily.getDataLine: PL=F - startIndex() takes 2 positional arguments but 3 were given
13-Feb-22 16:44:29 ERROR getDataLine(33) YahooDaily.getDataLine: PA=F - startIndex() takes 2 positional arguments but 3 were given
13-Feb-22 16:44:30 ERROR getDataLine(33) YahooDaily.getDataLine: HG=F - startIndex() takes 2 positional arguments but 3 were given
13-Feb-22 16:44:30 INFO getHistorical(49) 20/37
13-Feb-22 16:44:31 ERROR getDataLine(33) YahooDaily.getDataLine: NG=F - startIndex() takes 2 positional arguments but 3 were given
13-Feb-22 16:44:31 ERROR getDataLine(33) YahooDaily.getDataLine: RB=F - startIndex() takes 2 positional arguments but 3 were given
13-Feb-22 16:44:31 ERROR getDataLine(33) YahooDaily.getDataLine: CL=F - startIndex() takes 2 positional arguments but 3 were given
13-Feb-22 16:44:31 ERROR getDataLine(33) YahooDaily.getDataLine: HO=F - startIndex() takes 2 positional arguments but 3 were given
13-Feb-22 16:44:31 ERROR getDataLine(33) YahooDaily.getDataLine: BZ=F - startIndex() takes 2 positional arguments but 3 were given
13-Feb-22 16:44:33 ERROR getDataLine(33) YahooDaily.getDataLine: B0=F - startIndex() takes 2 positional arguments but 3 were given
13-Feb-22 16:44:33 ERROR getDataLine(33) YahooDaily.getDataLine: KE=F - startIndex() takes 2 positional arguments but 3 were given
13-Feb-22 16:44:33 ERROR getDataLine(33) YahooDaily.getDataLine: ZR=F - startIndex() takes 2 positional arguments but 3 were given
13-Feb-22 16:44:33 ERROR getDataLine(33) YahooDaily.getDataLine: ZO=F - startIndex() takes 2 positional arguments but 3 were given
13-Feb-22 16:44:34 ERROR getDataLine(33) YahooDaily.getDataLine: ZC=F - startIndex() takes 2 positional arguments but 3 were given
13-Feb-22 16:44:34 INFO getHistorical(49) 30/37
13-Feb-22 16:44:35 ERROR getDataLine(33) YahooDaily.getDataLine: GF=F - startIndex() takes 2 positional arguments but 3 were given
13-Feb-22 16:44:35 ERROR getDataLine(33) YahooDaily.getDataLine: ZL=F - startIndex() takes 2 positional arguments but 3 were given
13-Feb-22 16:44:36 ERROR getDataLine(33) YahooDaily.getDataLine: ZS=F - startIndex() takes 2 positional arguments but 3 were given
13-Feb-22 16:44:36 ERROR getDataLine(33) YahooDaily.getDataLine: HE=F - startIndex() takes 2 positional arguments but 3 were given
13-Feb-22 16:44:36 ERROR getDataLine(33) YahooDaily.getDataLine: ZM=F - startIndex() takes 2 positional arguments but 3 were given
13-Feb-22 16:44:37 ERROR getDataLine(33) YahooDaily.getDataLine: CC=F - startIndex() takes 2 positional arguments but 3 were given
13-Feb-22 16:44:38 ERROR getDataLine(33) YahooDaily.getDataLine: LE=F - startIndex() takes 2 positional arguments but 3 were given
13-Feb-22 16:44:38 ERROR getDataLine(33) YahooDaily.getDataLine: LBS=F - startIndex() takes 2 positional arguments but 3 were given
13-Feb-22 16:44:38 ERROR getDataLine(33) YahooDaily.getDataLine: KC=F - startIndex() takes 2 positional arguments but 3 were given
13-Feb-22 16:44:38 ERROR getDataLine(33) YahooDaily.getDataLine: CT=F - startIndex() takes 2 positional arguments but 3 were given
13-Feb-22 16:44:39 ERROR getDataLine(33) YahooDaily.getDataLine: OJ=F - startIndex() takes 2 positional arguments but 3 were given
13-Feb-22 16:44:39 ERROR getDataLine(33) YahooDaily.getDataLine: SB=F - startIndex() takes 2 positional arguments but 3 were given
13-Feb-22 16:44:41 INFO <module>(97) done
13-Feb-22 16:44:59 INFO <module>(66) APP.PY Started
13-Feb-22 16:44:59 INFO All(53) Running YahooDaily.All
13-Feb-22 16:44:59 INFO StockSymbols(157) MarketDataDb.StockSymbols() - ES=F
13-Feb-22 16:44:59 INFO StockSymbols(157) MarketDataDb.StockSymbols() - YM=F
13-Feb-22 16:44:59 INFO StockSymbols(157) MarketDataDb.StockSymbols() - NQ=F
13-Feb-22 16:44:59 INFO StockSymbols(157) MarketDataDb.StockSymbols() - RTY=F
13-Feb-22 16:44:59 INFO StockSymbols(157) MarketDataDb.StockSymbols() - ZB=F
13-Feb-22 16:44:59 INFO StockSymbols(157) MarketDataDb.StockSymbols() - ZN=F
13-Feb-22 16:44:59 INFO StockSymbols(157) MarketDataDb.StockSymbols() - ZF=F
13-Feb-22 16:44:59 INFO StockSymbols(157) MarketDataDb.StockSymbols() - ZT=F
13-Feb-22 16:44:59 INFO StockSymbols(157) MarketDataDb.StockSymbols() - GC=F
13-Feb-22 16:44:59 INFO StockSymbols(157) MarketDataDb.StockSymbols() - MGC=F
13-Feb-22 16:44:59 INFO StockSymbols(157) MarketDataDb.StockSymbols() - SI=F
13-Feb-22 16:44:59 INFO StockSymbols(157) MarketDataDb.StockSymbols() - SIL=F
13-Feb-22 16:44:59 INFO StockSymbols(157) MarketDataDb.StockSymbols() - PL=F
13-Feb-22 16:44:59 INFO StockSymbols(157) MarketDataDb.StockSymbols() - HG=F
13-Feb-22 16:44:59 INFO StockSymbols(157) MarketDataDb.StockSymbols() - PA=F
13-Feb-22 16:44:59 INFO StockSymbols(157) MarketDataDb.StockSymbols() - CL=F
13-Feb-22 16:44:59 INFO StockSymbols(157) MarketDataDb.StockSymbols() - HO=F
13-Feb-22 16:44:59 INFO StockSymbols(157) MarketDataDb.StockSymbols() - NG=F
13-Feb-22 16:44:59 INFO StockSymbols(157) MarketDataDb.StockSymbols() - RB=F
13-Feb-22 16:44:59 INFO StockSymbols(157) MarketDataDb.StockSymbols() - BZ=F
13-Feb-22 16:44:59 INFO StockSymbols(157) MarketDataDb.StockSymbols() - B0=F
13-Feb-22 16:44:59 INFO StockSymbols(157) MarketDataDb.StockSymbols() - ZC=F
13-Feb-22 16:44:59 INFO StockSymbols(157) MarketDataDb.StockSymbols() - ZO=F
13-Feb-22 16:44:59 INFO StockSymbols(157) MarketDataDb.StockSymbols() - KE=F
13-Feb-22 16:44:59 INFO StockSymbols(157) MarketDataDb.StockSymbols() - ZR=F
13-Feb-22 16:44:59 INFO StockSymbols(157) MarketDataDb.StockSymbols() - ZM=F
13-Feb-22 16:44:59 INFO StockSymbols(157) MarketDataDb.StockSymbols() - ZL=F
13-Feb-22 16:44:59 INFO StockSymbols(157) MarketDataDb.StockSymbols() - ZS=F
13-Feb-22 16:44:59 INFO StockSymbols(157) MarketDataDb.StockSymbols() - GF=F
13-Feb-22 16:44:59 INFO StockSymbols(157) MarketDataDb.StockSymbols() - HE=F
13-Feb-22 16:44:59 INFO StockSymbols(157) MarketDataDb.StockSymbols() - LE=F
13-Feb-22 16:44:59 INFO StockSymbols(157) MarketDataDb.StockSymbols() - CC=F
13-Feb-22 16:44:59 INFO StockSymbols(157) MarketDataDb.StockSymbols() - KC=F
13-Feb-22 16:44:59 INFO StockSymbols(157) MarketDataDb.StockSymbols() - CT=F
13-Feb-22 16:44:59 INFO StockSymbols(157) MarketDataDb.StockSymbols() - LBS=F
13-Feb-22 16:44:59 INFO StockSymbols(157) MarketDataDb.StockSymbols() - OJ=F
13-Feb-22 16:44:59 INFO StockSymbols(157) MarketDataDb.StockSymbols() - SB=F
13-Feb-22 16:44:59 INFO getHistorical(43) Running AlpacaDaily.getHistorical
13-Feb-22 16:45:00 INFO _init_num_threads(157) NumExpr defaulting to 8 threads.
13-Feb-22 16:45:01 ERROR synchronize(54) SynchronizeMarketData.synchronize: local variable 'ixData' referenced before assignment
13-Feb-22 16:45:01 ERROR getDataLine(33) YahooDaily.getDataLine: ZB=F - 'NoneType' object is not subscriptable
13-Feb-22 16:45:01 ERROR synchronize(54) SynchronizeMarketData.synchronize: local variable 'ixData' referenced before assignment
13-Feb-22 16:45:01 ERROR getDataLine(33) YahooDaily.getDataLine: YM=F - 'NoneType' object is not subscriptable
13-Feb-22 16:45:01 ERROR synchronize(54) SynchronizeMarketData.synchronize: local variable 'ixData' referenced before assignment
13-Feb-22 16:45:01 ERROR getDataLine(33) YahooDaily.getDataLine: NQ=F - 'NoneType' object is not subscriptable
13-Feb-22 16:45:01 ERROR synchronize(54) SynchronizeMarketData.synchronize: local variable 'ixData' referenced before assignment
13-Feb-22 16:45:01 ERROR getDataLine(33) YahooDaily.getDataLine: ES=F - 'NoneType' object is not subscriptable
13-Feb-22 16:45:01 ERROR synchronize(54) SynchronizeMarketData.synchronize: local variable 'ixData' referenced before assignment
13-Feb-22 16:45:01 ERROR getDataLine(33) YahooDaily.getDataLine: RTY=F - 'NoneType' object is not subscriptable
13-Feb-22 16:45:02 INFO getHistorical(49) 10/37
13-Feb-22 16:45:03 ERROR synchronize(54) SynchronizeMarketData.synchronize: local variable 'ixData' referenced before assignment
13-Feb-22 16:45:03 ERROR getDataLine(33) YahooDaily.getDataLine: ZF=F - 'NoneType' object is not subscriptable
13-Feb-22 16:45:03 ERROR synchronize(54) SynchronizeMarketData.synchronize: local variable 'ixData' referenced before assignment
13-Feb-22 16:45:03 ERROR getDataLine(33) YahooDaily.getDataLine: ZT=F - 'NoneType' object is not subscriptable
13-Feb-22 16:45:04 ERROR synchronize(54) SynchronizeMarketData.synchronize: local variable 'ixData' referenced before assignment
13-Feb-22 16:45:04 ERROR getDataLine(33) YahooDaily.getDataLine: GC=F - 'NoneType' object is not subscriptable
13-Feb-22 16:45:04 ERROR synchronize(54) SynchronizeMarketData.synchronize: local variable 'ixData' referenced before assignment
13-Feb-22 16:45:04 ERROR getDataLine(33) YahooDaily.getDataLine: ZN=F - 'NoneType' object is not subscriptable
13-Feb-22 16:45:04 ERROR synchronize(54) SynchronizeMarketData.synchronize: local variable 'ixData' referenced before assignment
13-Feb-22 16:45:04 ERROR getDataLine(33) YahooDaily.getDataLine: MGC=F - 'NoneType' object is not subscriptable
13-Feb-22 16:45:05 ERROR synchronize(54) SynchronizeMarketData.synchronize: local variable 'ixData' referenced before assignment
13-Feb-22 16:45:05 ERROR getDataLine(33) YahooDaily.getDataLine: SI=F - 'NoneType' object is not subscriptable
13-Feb-22 16:45:05 ERROR synchronize(54) SynchronizeMarketData.synchronize: local variable 'ixData' referenced before assignment
13-Feb-22 16:45:06 ERROR getDataLine(33) YahooDaily.getDataLine: HG=F - 'NoneType' object is not subscriptable
13-Feb-22 16:45:06 ERROR synchronize(54) SynchronizeMarketData.synchronize: local variable 'ixData' referenced before assignment
13-Feb-22 16:45:06 ERROR getDataLine(33) YahooDaily.getDataLine: SIL=F - 'NoneType' object is not subscriptable
13-Feb-22 16:45:06 ERROR synchronize(54) SynchronizeMarketData.synchronize: local variable 'ixData' referenced before assignment
13-Feb-22 16:45:06 ERROR getDataLine(33) YahooDaily.getDataLine: PL=F - 'NoneType' object is not subscriptable
13-Feb-22 16:45:07 ERROR synchronize(54) SynchronizeMarketData.synchronize: local variable 'ixData' referenced before assignment
13-Feb-22 16:45:07 ERROR getDataLine(33) YahooDaily.getDataLine: PA=F - 'NoneType' object is not subscriptable
13-Feb-22 16:45:08 ERROR synchronize(54) SynchronizeMarketData.synchronize: local variable 'ixData' referenced before assignment
13-Feb-22 16:45:08 ERROR getDataLine(33) YahooDaily.getDataLine: NG=F - 'NoneType' object is not subscriptable
13-Feb-22 16:45:08 ERROR synchronize(54) SynchronizeMarketData.synchronize: local variable 'ixData' referenced before assignment
13-Feb-22 16:45:08 ERROR getDataLine(33) YahooDaily.getDataLine: HO=F - 'NoneType' object is not subscriptable
13-Feb-22 16:45:08 ERROR synchronize(54) SynchronizeMarketData.synchronize: local variable 'ixData' referenced before assignment
13-Feb-22 16:45:08 ERROR getDataLine(33) YahooDaily.getDataLine: CL=F - 'NoneType' object is not subscriptable
13-Feb-22 16:45:08 ERROR synchronize(54) SynchronizeMarketData.synchronize: local variable 'ixData' referenced before assignment
13-Feb-22 16:45:08 ERROR getDataLine(33) YahooDaily.getDataLine: RB=F - 'NoneType' object is not subscriptable
13-Feb-22 16:45:08 INFO getHistorical(49) 20/37
13-Feb-22 16:45:09 ERROR synchronize(54) SynchronizeMarketData.synchronize: local variable 'ixData' referenced before assignment
13-Feb-22 16:45:09 ERROR getDataLine(33) YahooDaily.getDataLine: B0=F - 'NoneType' object is not subscriptable
13-Feb-22 16:45:10 ERROR synchronize(54) SynchronizeMarketData.synchronize: local variable 'ixData' referenced before assignment
13-Feb-22 16:45:10 ERROR getDataLine(33) YahooDaily.getDataLine: BZ=F - 'NoneType' object is not subscriptable
13-Feb-22 16:45:10 ERROR synchronize(54) SynchronizeMarketData.synchronize: local variable 'ixData' referenced before assignment
13-Feb-22 16:45:10 ERROR getDataLine(33) YahooDaily.getDataLine: ZO=F - 'NoneType' object is not subscriptable
13-Feb-22 16:45:10 ERROR synchronize(54) SynchronizeMarketData.synchronize: local variable 'ixData' referenced before assignment
13-Feb-22 16:45:10 ERROR getDataLine(33) YahooDaily.getDataLine: ZC=F - 'NoneType' object is not subscriptable
13-Feb-22 16:45:10 ERROR synchronize(54) SynchronizeMarketData.synchronize: local variable 'ixData' referenced before assignment
13-Feb-22 16:45:10 ERROR getDataLine(33) YahooDaily.getDataLine: KE=F - 'NoneType' object is not subscriptable
13-Feb-22 16:45:12 ERROR synchronize(54) SynchronizeMarketData.synchronize: local variable 'ixData' referenced before assignment
13-Feb-22 16:45:12 ERROR getDataLine(33) YahooDaily.getDataLine: ZM=F - 'NoneType' object is not subscriptable
13-Feb-22 16:45:12 ERROR synchronize(54) SynchronizeMarketData.synchronize: local variable 'ixData' referenced before assignment
13-Feb-22 16:45:12 ERROR getDataLine(33) YahooDaily.getDataLine: GF=F - 'NoneType' object is not subscriptable
13-Feb-22 16:45:12 ERROR synchronize(54) SynchronizeMarketData.synchronize: local variable 'ixData' referenced before assignment
13-Feb-22 16:45:12 ERROR getDataLine(33) YahooDaily.getDataLine: ZS=F - 'NoneType' object is not subscriptable
13-Feb-22 16:45:12 ERROR synchronize(54) SynchronizeMarketData.synchronize: local variable 'ixData' referenced before assignment
13-Feb-22 16:45:12 ERROR getDataLine(33) YahooDaily.getDataLine: ZR=F - 'NoneType' object is not subscriptable
13-Feb-22 16:45:12 ERROR synchronize(54) SynchronizeMarketData.synchronize: local variable 'ixData' referenced before assignment
13-Feb-22 16:45:12 ERROR getDataLine(33) YahooDaily.getDataLine: ZL=F - 'NoneType' object is not subscriptable
13-Feb-22 16:45:13 INFO getHistorical(49) 30/37
13-Feb-22 16:45:14 ERROR synchronize(54) SynchronizeMarketData.synchronize: local variable 'ixData' referenced before assignment
13-Feb-22 16:45:14 ERROR getDataLine(33) YahooDaily.getDataLine: HE=F - 'NoneType' object is not subscriptable
13-Feb-22 16:45:14 ERROR synchronize(54) SynchronizeMarketData.synchronize: local variable 'ixData' referenced before assignment
13-Feb-22 16:45:14 ERROR getDataLine(33) YahooDaily.getDataLine: CC=F - 'NoneType' object is not subscriptable
13-Feb-22 16:45:14 ERROR synchronize(54) SynchronizeMarketData.synchronize: local variable 'ixData' referenced before assignment
13-Feb-22 16:45:14 ERROR synchronize(54) SynchronizeMarketData.synchronize: local variable 'ixData' referenced before assignment
13-Feb-22 16:45:14 ERROR getDataLine(33) YahooDaily.getDataLine: LE=F - 'NoneType' object is not subscriptable
13-Feb-22 16:45:14 ERROR getDataLine(33) YahooDaily.getDataLine: KC=F - 'NoneType' object is not subscriptable
13-Feb-22 16:45:14 ERROR synchronize(54) SynchronizeMarketData.synchronize: local variable 'ixData' referenced before assignment
13-Feb-22 16:45:14 ERROR getDataLine(33) YahooDaily.getDataLine: CT=F - 'NoneType' object is not subscriptable
13-Feb-22 16:45:16 ERROR synchronize(54) SynchronizeMarketData.synchronize: local variable 'ixData' referenced before assignment
13-Feb-22 16:45:16 ERROR getDataLine(33) YahooDaily.getDataLine: OJ=F - 'NoneType' object is not subscriptable
13-Feb-22 16:45:16 ERROR synchronize(54) SynchronizeMarketData.synchronize: local variable 'ixData' referenced before assignment
13-Feb-22 16:45:16 ERROR getDataLine(33) YahooDaily.getDataLine: LBS=F - 'NoneType' object is not subscriptable
13-Feb-22 16:45:16 ERROR synchronize(54) SynchronizeMarketData.synchronize: local variable 'ixData' referenced before assignment
13-Feb-22 16:45:16 ERROR getDataLine(33) YahooDaily.getDataLine: SB=F - 'NoneType' object is not subscriptable
13-Feb-22 16:45:17 INFO <module>(97) done
13-Feb-22 16:46:04 INFO <module>(66) APP.PY Started
13-Feb-22 16:46:04 INFO All(53) Running YahooDaily.All
13-Feb-22 16:46:04 INFO StockSymbols(157) MarketDataDb.StockSymbols() - ES=F
13-Feb-22 16:46:04 INFO StockSymbols(157) MarketDataDb.StockSymbols() - YM=F
13-Feb-22 16:46:04 INFO StockSymbols(157) MarketDataDb.StockSymbols() - NQ=F
13-Feb-22 16:46:04 INFO StockSymbols(157) MarketDataDb.StockSymbols() - RTY=F
13-Feb-22 16:46:04 INFO StockSymbols(157) MarketDataDb.StockSymbols() - ZB=F
13-Feb-22 16:46:04 INFO StockSymbols(157) MarketDataDb.StockSymbols() - ZN=F
13-Feb-22 16:46:04 INFO StockSymbols(157) MarketDataDb.StockSymbols() - ZF=F
13-Feb-22 16:46:04 INFO StockSymbols(157) MarketDataDb.StockSymbols() - ZT=F
13-Feb-22 16:46:04 INFO StockSymbols(157) MarketDataDb.StockSymbols() - GC=F
13-Feb-22 16:46:04 INFO StockSymbols(157) MarketDataDb.StockSymbols() - MGC=F
13-Feb-22 16:46:04 INFO StockSymbols(157) MarketDataDb.StockSymbols() - SI=F
13-Feb-22 16:46:04 INFO StockSymbols(157) MarketDataDb.StockSymbols() - SIL=F
13-Feb-22 16:46:04 INFO StockSymbols(157) MarketDataDb.StockSymbols() - PL=F
13-Feb-22 16:46:04 INFO StockSymbols(157) MarketDataDb.StockSymbols() - HG=F
13-Feb-22 16:46:04 INFO StockSymbols(157) MarketDataDb.StockSymbols() - PA=F
13-Feb-22 16:46:04 INFO StockSymbols(157) MarketDataDb.StockSymbols() - CL=F
13-Feb-22 16:46:04 INFO StockSymbols(157) MarketDataDb.StockSymbols() - HO=F
13-Feb-22 16:46:04 INFO StockSymbols(157) MarketDataDb.StockSymbols() - NG=F
13-Feb-22 16:46:04 INFO StockSymbols(157) MarketDataDb.StockSymbols() - RB=F
13-Feb-22 16:46:04 INFO StockSymbols(157) MarketDataDb.StockSymbols() - BZ=F
13-Feb-22 16:46:04 INFO StockSymbols(157) MarketDataDb.StockSymbols() - B0=F
13-Feb-22 16:46:04 INFO StockSymbols(157) MarketDataDb.StockSymbols() - ZC=F
13-Feb-22 16:46:04 INFO StockSymbols(157) MarketDataDb.StockSymbols() - ZO=F
13-Feb-22 16:46:04 INFO StockSymbols(157) MarketDataDb.StockSymbols() - KE=F
13-Feb-22 16:46:04 INFO StockSymbols(157) MarketDataDb.StockSymbols() - ZR=F
13-Feb-22 16:46:04 INFO StockSymbols(157) MarketDataDb.StockSymbols() - ZM=F
13-Feb-22 16:46:04 INFO StockSymbols(157) MarketDataDb.StockSymbols() - ZL=F
13-Feb-22 16:46:04 INFO StockSymbols(157) MarketDataDb.StockSymbols() - ZS=F
13-Feb-22 16:46:04 INFO StockSymbols(157) MarketDataDb.StockSymbols() - GF=F
13-Feb-22 16:46:04 INFO StockSymbols(157) MarketDataDb.StockSymbols() - HE=F
13-Feb-22 16:46:04 INFO StockSymbols(157) MarketDataDb.StockSymbols() - LE=F
13-Feb-22 16:46:04 INFO StockSymbols(157) MarketDataDb.StockSymbols() - CC=F
13-Feb-22 16:46:04 INFO StockSymbols(157) MarketDataDb.StockSymbols() - KC=F
13-Feb-22 16:46:04 INFO StockSymbols(157) MarketDataDb.StockSymbols() - CT=F
13-Feb-22 16:46:04 INFO StockSymbols(157) MarketDataDb.StockSymbols() - LBS=F
13-Feb-22 16:46:04 INFO StockSymbols(157) MarketDataDb.StockSymbols() - OJ=F
13-Feb-22 16:46:04 INFO StockSymbols(157) MarketDataDb.StockSymbols() - SB=F
13-Feb-22 16:46:04 INFO getHistorical(43) Running AlpacaDaily.getHistorical
13-Feb-22 16:46:04 INFO getHistorical(49) 10/37
13-Feb-22 16:46:05 INFO _init_num_threads(157) NumExpr defaulting to 8 threads.
13-Feb-22 16:46:05 ERROR synchronize(54) SynchronizeMarketData.synchronize: local variable 'ixData' referenced before assignment
13-Feb-22 16:46:05 ERROR synchronize(54) SynchronizeMarketData.synchronize: local variable 'ixData' referenced before assignment
13-Feb-22 16:46:05 ERROR getDataLine(33) YahooDaily.getDataLine: ZF=F - 'NoneType' object is not subscriptable
13-Feb-22 16:46:05 ERROR getDataLine(33) YahooDaily.getDataLine: ES=F - 'NoneType' object is not subscriptable
13-Feb-22 16:46:05 ERROR synchronize(54) SynchronizeMarketData.synchronize: local variable 'ixData' referenced before assignment
13-Feb-22 16:46:05 ERROR synchronize(54) SynchronizeMarketData.synchronize: local variable 'ixData' referenced before assignment
13-Feb-22 16:46:05 ERROR getDataLine(33) YahooDaily.getDataLine: NQ=F - 'NoneType' object is not subscriptable
13-Feb-22 16:46:05 ERROR getDataLine(33) YahooDaily.getDataLine: ZN=F - 'NoneType' object is not subscriptable
13-Feb-22 16:46:05 ERROR synchronize(54) SynchronizeMarketData.synchronize: local variable 'ixData' referenced before assignment
13-Feb-22 16:46:05 ERROR synchronize(54) SynchronizeMarketData.synchronize: local variable 'ixData' referenced before assignment
13-Feb-22 16:46:05 ERROR getDataLine(33) YahooDaily.getDataLine: YM=F - 'NoneType' object is not subscriptable
13-Feb-22 16:46:05 ERROR synchronize(54) SynchronizeMarketData.synchronize: local variable 'ixData' referenced before assignment
13-Feb-22 16:46:05 ERROR getDataLine(33) YahooDaily.getDataLine: GC=F - 'NoneType' object is not subscriptable
13-Feb-22 16:46:05 ERROR synchronize(54) SynchronizeMarketData.synchronize: local variable 'ixData' referenced before assignment
13-Feb-22 16:46:05 ERROR getDataLine(33) YahooDaily.getDataLine: ZT=F - 'NoneType' object is not subscriptable
13-Feb-22 16:46:05 ERROR synchronize(54) SynchronizeMarketData.synchronize: local variable 'ixData' referenced before assignment
13-Feb-22 16:46:05 ERROR synchronize(54) SynchronizeMarketData.synchronize: local variable 'ixData' referenced before assignment
13-Feb-22 16:46:05 ERROR getDataLine(33) YahooDaily.getDataLine: RTY=F - 'NoneType' object is not subscriptable
13-Feb-22 16:46:05 ERROR getDataLine(33) YahooDaily.getDataLine: MGC=F - 'NoneType' object is not subscriptable
13-Feb-22 16:46:05 ERROR getDataLine(33) YahooDaily.getDataLine: ZB=F - 'NoneType' object is not subscriptable
13-Feb-22 16:46:07 INFO getHistorical(49) 20/37
13-Feb-22 16:46:07 ERROR synchronize(54) SynchronizeMarketData.synchronize: local variable 'ixData' referenced before assignment
13-Feb-22 16:46:07 ERROR getDataLine(33) YahooDaily.getDataLine: SI=F - 'NoneType' object is not subscriptable
13-Feb-22 16:46:07 ERROR synchronize(54) SynchronizeMarketData.synchronize: local variable 'ixData' referenced before assignment
13-Feb-22 16:46:07 ERROR getDataLine(33) YahooDaily.getDataLine: CL=F - 'NoneType' object is not subscriptable
13-Feb-22 16:46:07 ERROR synchronize(54) SynchronizeMarketData.synchronize: local variable 'ixData' referenced before assignment
13-Feb-22 16:46:07 ERROR synchronize(54) SynchronizeMarketData.synchronize: local variable 'ixData' referenced before assignment
13-Feb-22 16:46:07 ERROR synchronize(54) SynchronizeMarketData.synchronize: local variable 'ixData' referenced before assignment
13-Feb-22 16:46:07 ERROR getDataLine(33) YahooDaily.getDataLine: NG=F - 'NoneType' object is not subscriptable
13-Feb-22 16:46:07 ERROR getDataLine(33) YahooDaily.getDataLine: HG=F - 'NoneType' object is not subscriptable
13-Feb-22 16:46:07 ERROR synchronize(54) SynchronizeMarketData.synchronize: local variable 'ixData' referenced before assignment
13-Feb-22 16:46:08 ERROR synchronize(54) SynchronizeMarketData.synchronize: local variable 'ixData' referenced before assignment
13-Feb-22 16:46:08 ERROR getDataLine(33) YahooDaily.getDataLine: SIL=F - 'NoneType' object is not subscriptable
13-Feb-22 16:46:08 ERROR synchronize(54) SynchronizeMarketData.synchronize: local variable 'ixData' referenced before assignment
13-Feb-22 16:46:08 ERROR getDataLine(33) YahooDaily.getDataLine: PL=F - 'NoneType' object is not subscriptable
13-Feb-22 16:46:08 ERROR synchronize(54) SynchronizeMarketData.synchronize: local variable 'ixData' referenced before assignment
13-Feb-22 16:46:08 ERROR synchronize(54) SynchronizeMarketData.synchronize: local variable 'ixData' referenced before assignment
13-Feb-22 16:46:08 ERROR getDataLine(33) YahooDaily.getDataLine: HO=F - 'NoneType' object is not subscriptable
13-Feb-22 16:46:08 ERROR getDataLine(33) YahooDaily.getDataLine: PA=F - 'NoneType' object is not subscriptable
13-Feb-22 16:46:08 ERROR getDataLine(33) YahooDaily.getDataLine: RB=F - 'NoneType' object is not subscriptable
13-Feb-22 16:46:08 ERROR getDataLine(33) YahooDaily.getDataLine: BZ=F - 'NoneType' object is not subscriptable
13-Feb-22 16:46:09 INFO getHistorical(49) 30/37
13-Feb-22 16:46:09 ERROR synchronize(54) SynchronizeMarketData.synchronize: local variable 'ixData' referenced before assignment
13-Feb-22 16:46:09 ERROR getDataLine(33) YahooDaily.getDataLine: B0=F - 'NoneType' object is not subscriptable
13-Feb-22 16:46:09 ERROR synchronize(54) SynchronizeMarketData.synchronize: local variable 'ixData' referenced before assignment
13-Feb-22 16:46:09 ERROR getDataLine(33) YahooDaily.getDataLine: KE=F - 'NoneType' object is not subscriptable
13-Feb-22 16:46:09 ERROR synchronize(54) SynchronizeMarketData.synchronize: local variable 'ixData' referenced before assignment
13-Feb-22 16:46:09 ERROR getDataLine(33) YahooDaily.getDataLine: ZC=F - 'NoneType' object is not subscriptable
13-Feb-22 16:46:09 ERROR synchronize(54) SynchronizeMarketData.synchronize: local variable 'ixData' referenced before assignment
13-Feb-22 16:46:09 ERROR synchronize(54) SynchronizeMarketData.synchronize: local variable 'ixData' referenced before assignment
13-Feb-22 16:46:09 ERROR getDataLine(33) YahooDaily.getDataLine: ZO=F - 'NoneType' object is not subscriptable
13-Feb-22 16:46:09 ERROR synchronize(54) SynchronizeMarketData.synchronize: local variable 'ixData' referenced before assignment
13-Feb-22 16:46:09 ERROR synchronize(54) SynchronizeMarketData.synchronize: local variable 'ixData' referenced before assignment
13-Feb-22 16:46:09 ERROR getDataLine(33) YahooDaily.getDataLine: ZM=F - 'NoneType' object is not subscriptable
13-Feb-22 16:46:09 ERROR synchronize(54) SynchronizeMarketData.synchronize: local variable 'ixData' referenced before assignment
13-Feb-22 16:46:09 ERROR getDataLine(33) YahooDaily.getDataLine: ZR=F - 'NoneType' object is not subscriptable
13-Feb-22 16:46:10 ERROR getDataLine(33) YahooDaily.getDataLine: HE=F - 'NoneType' object is not subscriptable
13-Feb-22 16:46:10 ERROR synchronize(54) SynchronizeMarketData.synchronize: local variable 'ixData' referenced before assignment
13-Feb-22 16:46:10 ERROR getDataLine(33) YahooDaily.getDataLine: ZS=F - 'NoneType' object is not subscriptable
13-Feb-22 16:46:10 ERROR synchronize(54) SynchronizeMarketData.synchronize: local variable 'ixData' referenced before assignment
13-Feb-22 16:46:10 ERROR getDataLine(33) YahooDaily.getDataLine: GF=F - 'NoneType' object is not subscriptable
13-Feb-22 16:46:10 ERROR getDataLine(33) YahooDaily.getDataLine: ZL=F - 'NoneType' object is not subscriptable
13-Feb-22 16:46:11 ERROR synchronize(54) SynchronizeMarketData.synchronize: local variable 'ixData' referenced before assignment
13-Feb-22 16:46:11 ERROR getDataLine(33) YahooDaily.getDataLine: LE=F - 'NoneType' object is not subscriptable
13-Feb-22 16:46:11 ERROR synchronize(54) SynchronizeMarketData.synchronize: local variable 'ixData' referenced before assignment
13-Feb-22 16:46:11 ERROR getDataLine(33) YahooDaily.getDataLine: OJ=F - 'NoneType' object is not subscriptable
13-Feb-22 16:46:11 ERROR synchronize(54) SynchronizeMarketData.synchronize: local variable 'ixData' referenced before assignment
13-Feb-22 16:46:11 ERROR getDataLine(33) YahooDaily.getDataLine: CT=F - 'NoneType' object is not subscriptable
13-Feb-22 16:46:11 ERROR synchronize(54) SynchronizeMarketData.synchronize: local variable 'ixData' referenced before assignment
13-Feb-22 16:46:11 ERROR synchronize(54) SynchronizeMarketData.synchronize: local variable 'ixData' referenced before assignment
13-Feb-22 16:46:11 ERROR getDataLine(33) YahooDaily.getDataLine: LBS=F - 'NoneType' object is not subscriptable
13-Feb-22 16:46:11 ERROR getDataLine(33) YahooDaily.getDataLine: CC=F - 'NoneType' object is not subscriptable
13-Feb-22 16:46:11 ERROR synchronize(54) SynchronizeMarketData.synchronize: local variable 'ixData' referenced before assignment
13-Feb-22 16:46:11 ERROR synchronize(54) SynchronizeMarketData.synchronize: local variable 'ixData' referenced before assignment
13-Feb-22 16:46:11 ERROR getDataLine(33) YahooDaily.getDataLine: SB=F - 'NoneType' object is not subscriptable
13-Feb-22 16:46:11 ERROR getDataLine(33) YahooDaily.getDataLine: KC=F - 'NoneType' object is not subscriptable
13-Feb-22 16:46:13 INFO <module>(97) done
13-Feb-22 16:46:28 INFO <module>(66) APP.PY Started
13-Feb-22 16:46:28 INFO All(53) Running YahooDaily.All
13-Feb-22 16:46:28 INFO StockSymbols(157) MarketDataDb.StockSymbols() - ES=F
13-Feb-22 16:46:28 INFO StockSymbols(157) MarketDataDb.StockSymbols() - YM=F
13-Feb-22 16:46:28 INFO StockSymbols(157) MarketDataDb.StockSymbols() - NQ=F
13-Feb-22 16:46:28 INFO StockSymbols(157) MarketDataDb.StockSymbols() - RTY=F
13-Feb-22 16:46:28 INFO StockSymbols(157) MarketDataDb.StockSymbols() - ZB=F
13-Feb-22 16:46:28 INFO StockSymbols(157) MarketDataDb.StockSymbols() - ZN=F
13-Feb-22 16:46:28 INFO StockSymbols(157) MarketDataDb.StockSymbols() - ZF=F
13-Feb-22 16:46:28 INFO StockSymbols(157) MarketDataDb.StockSymbols() - ZT=F
13-Feb-22 16:46:28 INFO StockSymbols(157) MarketDataDb.StockSymbols() - GC=F
13-Feb-22 16:46:28 INFO StockSymbols(157) MarketDataDb.StockSymbols() - MGC=F
13-Feb-22 16:46:28 INFO StockSymbols(157) MarketDataDb.StockSymbols() - SI=F
13-Feb-22 16:46:28 INFO StockSymbols(157) MarketDataDb.StockSymbols() - SIL=F
13-Feb-22 16:46:28 INFO StockSymbols(157) MarketDataDb.StockSymbols() - PL=F
13-Feb-22 16:46:28 INFO StockSymbols(157) MarketDataDb.StockSymbols() - HG=F
13-Feb-22 16:46:28 INFO StockSymbols(157) MarketDataDb.StockSymbols() - PA=F
13-Feb-22 16:46:28 INFO StockSymbols(157) MarketDataDb.StockSymbols() - CL=F
13-Feb-22 16:46:28 INFO StockSymbols(157) MarketDataDb.StockSymbols() - HO=F
13-Feb-22 16:46:28 INFO StockSymbols(157) MarketDataDb.StockSymbols() - NG=F
13-Feb-22 16:46:28 INFO StockSymbols(157) MarketDataDb.StockSymbols() - RB=F
13-Feb-22 16:46:28 INFO StockSymbols(157) MarketDataDb.StockSymbols() - BZ=F
13-Feb-22 16:46:28 INFO StockSymbols(157) MarketDataDb.StockSymbols() - B0=F
13-Feb-22 16:46:28 INFO StockSymbols(157) MarketDataDb.StockSymbols() - ZC=F
13-Feb-22 16:46:28 INFO StockSymbols(157) MarketDataDb.StockSymbols() - ZO=F
13-Feb-22 16:46:28 INFO StockSymbols(157) MarketDataDb.StockSymbols() - KE=F
13-Feb-22 16:46:28 INFO StockSymbols(157) MarketDataDb.StockSymbols() - ZR=F
13-Feb-22 16:46:28 INFO StockSymbols(157) MarketDataDb.StockSymbols() - ZM=F
13-Feb-22 16:46:28 INFO StockSymbols(157) MarketDataDb.StockSymbols() - ZL=F
13-Feb-22 16:46:28 INFO StockSymbols(157) MarketDataDb.StockSymbols() - ZS=F
13-Feb-22 16:46:28 INFO StockSymbols(157) MarketDataDb.StockSymbols() - GF=F
13-Feb-22 16:46:28 INFO StockSymbols(157) MarketDataDb.StockSymbols() - HE=F
13-Feb-22 16:46:28 INFO StockSymbols(157) MarketDataDb.StockSymbols() - LE=F
13-Feb-22 16:46:28 INFO StockSymbols(157) MarketDataDb.StockSymbols() - CC=F
13-Feb-22 16:46:28 INFO StockSymbols(157) MarketDataDb.StockSymbols() - KC=F
13-Feb-22 16:46:28 INFO StockSymbols(157) MarketDataDb.StockSymbols() - CT=F
13-Feb-22 16:46:28 INFO StockSymbols(157) MarketDataDb.StockSymbols() - LBS=F
13-Feb-22 16:46:28 INFO StockSymbols(157) MarketDataDb.StockSymbols() - OJ=F
13-Feb-22 16:46:28 INFO StockSymbols(157) MarketDataDb.StockSymbols() - SB=F
13-Feb-22 16:46:28 INFO getHistorical(43) Running AlpacaDaily.getHistorical
13-Feb-22 16:46:28 INFO getHistorical(49) 10/37
13-Feb-22 16:46:29 INFO _init_num_threads(157) NumExpr defaulting to 8 threads.
13-Feb-22 16:46:30 INFO getHistorical(49) 20/37
13-Feb-22 16:46:33 INFO getHistorical(49) 30/37
13-Feb-22 16:46:37 INFO <module>(97) done
13-Feb-22 16:48:17 INFO <module>(66) APP.PY Started
13-Feb-22 16:48:17 INFO All(53) Running YahooDaily.All
13-Feb-22 16:48:17 INFO StockSymbols(157) MarketDataDb.StockSymbols() - ES=F
13-Feb-22 16:48:17 INFO StockSymbols(157) MarketDataDb.StockSymbols() - YM=F
13-Feb-22 16:48:17 INFO StockSymbols(157) MarketDataDb.StockSymbols() - NQ=F
13-Feb-22 16:48:17 INFO StockSymbols(157) MarketDataDb.StockSymbols() - RTY=F
13-Feb-22 16:48:17 INFO StockSymbols(157) MarketDataDb.StockSymbols() - ZB=F
13-Feb-22 16:48:17 INFO StockSymbols(157) MarketDataDb.StockSymbols() - ZN=F
13-Feb-22 16:48:17 INFO StockSymbols(157) MarketDataDb.StockSymbols() - ZF=F
13-Feb-22 16:48:17 INFO StockSymbols(157) MarketDataDb.StockSymbols() - ZT=F
13-Feb-22 16:48:17 INFO StockSymbols(157) MarketDataDb.StockSymbols() - GC=F
13-Feb-22 16:48:17 INFO StockSymbols(157) MarketDataDb.StockSymbols() - MGC=F
13-Feb-22 16:48:17 INFO StockSymbols(157) MarketDataDb.StockSymbols() - SI=F
13-Feb-22 16:48:17 INFO StockSymbols(157) MarketDataDb.StockSymbols() - SIL=F
13-Feb-22 16:48:17 INFO StockSymbols(157) MarketDataDb.StockSymbols() - PL=F
13-Feb-22 16:48:17 INFO StockSymbols(157) MarketDataDb.StockSymbols() - HG=F
13-Feb-22 16:48:17 INFO StockSymbols(157) MarketDataDb.StockSymbols() - PA=F
13-Feb-22 16:48:17 INFO StockSymbols(157) MarketDataDb.StockSymbols() - CL=F
13-Feb-22 16:48:17 INFO StockSymbols(157) MarketDataDb.StockSymbols() - HO=F
13-Feb-22 16:48:17 INFO StockSymbols(157) MarketDataDb.StockSymbols() - NG=F
13-Feb-22 16:48:17 INFO StockSymbols(157) MarketDataDb.StockSymbols() - RB=F
13-Feb-22 16:48:17 INFO StockSymbols(157) MarketDataDb.StockSymbols() - BZ=F
13-Feb-22 16:48:17 INFO StockSymbols(157) MarketDataDb.StockSymbols() - B0=F
13-Feb-22 16:48:17 INFO StockSymbols(157) MarketDataDb.StockSymbols() - ZC=F
13-Feb-22 16:48:17 INFO StockSymbols(157) MarketDataDb.StockSymbols() - ZO=F
13-Feb-22 16:48:17 INFO StockSymbols(157) MarketDataDb.StockSymbols() - KE=F
13-Feb-22 16:48:17 INFO StockSymbols(157) MarketDataDb.StockSymbols() - ZR=F
13-Feb-22 16:48:17 INFO StockSymbols(157) MarketDataDb.StockSymbols() - ZM=F
13-Feb-22 16:48:17 INFO StockSymbols(157) MarketDataDb.StockSymbols() - ZL=F
13-Feb-22 16:48:17 INFO StockSymbols(157) MarketDataDb.StockSymbols() - ZS=F
13-Feb-22 16:48:17 INFO StockSymbols(157) MarketDataDb.StockSymbols() - GF=F
13-Feb-22 16:48:17 INFO StockSymbols(157) MarketDataDb.StockSymbols() - HE=F
13-Feb-22 16:48:17 INFO StockSymbols(157) MarketDataDb.StockSymbols() - LE=F
13-Feb-22 16:48:17 INFO StockSymbols(157) MarketDataDb.StockSymbols() - CC=F
13-Feb-22 16:48:17 INFO StockSymbols(157) MarketDataDb.StockSymbols() - KC=F
13-Feb-22 16:48:17 INFO StockSymbols(157) MarketDataDb.StockSymbols() - CT=F
13-Feb-22 16:48:17 INFO StockSymbols(157) MarketDataDb.StockSymbols() - LBS=F
13-Feb-22 16:48:17 INFO StockSymbols(157) MarketDataDb.StockSymbols() - OJ=F
13-Feb-22 16:48:17 INFO StockSymbols(157) MarketDataDb.StockSymbols() - SB=F
13-Feb-22 16:48:17 INFO getHistorical(43) Running AlpacaDaily.getHistorical
13-Feb-22 16:48:18 INFO _init_num_threads(157) NumExpr defaulting to 8 threads.
13-Feb-22 16:49:06 INFO <module>(66) APP.PY Started
13-Feb-22 16:49:06 INFO All(53) Running YahooDaily.All
13-Feb-22 16:49:06 INFO StockSymbols(157) MarketDataDb.StockSymbols() - ES=F
13-Feb-22 16:49:06 INFO StockSymbols(157) MarketDataDb.StockSymbols() - YM=F
13-Feb-22 16:49:06 INFO StockSymbols(157) MarketDataDb.StockSymbols() - NQ=F
13-Feb-22 16:49:06 INFO StockSymbols(157) MarketDataDb.StockSymbols() - RTY=F
13-Feb-22 16:49:06 INFO StockSymbols(157) MarketDataDb.StockSymbols() - ZB=F
13-Feb-22 16:49:06 INFO StockSymbols(157) MarketDataDb.StockSymbols() - ZN=F
13-Feb-22 16:49:06 INFO StockSymbols(157) MarketDataDb.StockSymbols() - ZF=F
13-Feb-22 16:49:06 INFO StockSymbols(157) MarketDataDb.StockSymbols() - ZT=F
13-Feb-22 16:49:06 INFO StockSymbols(157) MarketDataDb.StockSymbols() - GC=F
13-Feb-22 16:49:06 INFO StockSymbols(157) MarketDataDb.StockSymbols() - MGC=F
13-Feb-22 16:49:06 INFO StockSymbols(157) MarketDataDb.StockSymbols() - SI=F
13-Feb-22 16:49:06 INFO StockSymbols(157) MarketDataDb.StockSymbols() - SIL=F
13-Feb-22 16:49:06 INFO StockSymbols(157) MarketDataDb.StockSymbols() - PL=F
13-Feb-22 16:49:06 INFO StockSymbols(157) MarketDataDb.StockSymbols() - HG=F
13-Feb-22 16:49:06 INFO StockSymbols(157) MarketDataDb.StockSymbols() - PA=F
13-Feb-22 16:49:06 INFO StockSymbols(157) MarketDataDb.StockSymbols() - CL=F
13-Feb-22 16:49:06 INFO StockSymbols(157) MarketDataDb.StockSymbols() - HO=F
13-Feb-22 16:49:06 INFO StockSymbols(157) MarketDataDb.StockSymbols() - NG=F
13-Feb-22 16:49:06 INFO StockSymbols(157) MarketDataDb.StockSymbols() - RB=F
13-Feb-22 16:49:06 INFO StockSymbols(157) MarketDataDb.StockSymbols() - BZ=F
13-Feb-22 16:49:06 INFO StockSymbols(157) MarketDataDb.StockSymbols() - B0=F
13-Feb-22 16:49:06 INFO StockSymbols(157) MarketDataDb.StockSymbols() - ZC=F
13-Feb-22 16:49:06 INFO StockSymbols(157) MarketDataDb.StockSymbols() - ZO=F
13-Feb-22 16:49:06 INFO StockSymbols(157) MarketDataDb.StockSymbols() - KE=F
13-Feb-22 16:49:06 INFO StockSymbols(157) MarketDataDb.StockSymbols() - ZR=F
13-Feb-22 16:49:06 INFO StockSymbols(157) MarketDataDb.StockSymbols() - ZM=F
13-Feb-22 16:49:06 INFO StockSymbols(157) MarketDataDb.StockSymbols() - ZL=F
13-Feb-22 16:49:06 INFO StockSymbols(157) MarketDataDb.StockSymbols() - ZS=F
13-Feb-22 16:49:06 INFO StockSymbols(157) MarketDataDb.StockSymbols() - GF=F
13-Feb-22 16:49:06 INFO StockSymbols(157) MarketDataDb.StockSymbols() - HE=F
13-Feb-22 16:49:06 INFO StockSymbols(157) MarketDataDb.StockSymbols() - LE=F
13-Feb-22 16:49:06 INFO StockSymbols(157) MarketDataDb.StockSymbols() - CC=F
13-Feb-22 16:49:06 INFO StockSymbols(157) MarketDataDb.StockSymbols() - KC=F
13-Feb-22 16:49:06 INFO StockSymbols(157) MarketDataDb.StockSymbols() - CT=F
13-Feb-22 16:49:06 INFO StockSymbols(157) MarketDataDb.StockSymbols() - LBS=F
13-Feb-22 16:49:06 INFO StockSymbols(157) MarketDataDb.StockSymbols() - OJ=F
13-Feb-22 16:49:06 INFO StockSymbols(157) MarketDataDb.StockSymbols() - SB=F
13-Feb-22 16:49:06 INFO getHistorical(43) Running AlpacaDaily.getHistorical
13-Feb-22 16:49:07 INFO _init_num_threads(157) NumExpr defaulting to 8 threads.
13-Feb-22 16:49:42 INFO <module>(66) APP.PY Started
13-Feb-22 16:49:42 INFO All(53) Running YahooDaily.All
13-Feb-22 16:49:42 INFO StockSymbols(157) MarketDataDb.StockSymbols() - ES=F
13-Feb-22 16:49:42 INFO StockSymbols(157) MarketDataDb.StockSymbols() - YM=F
13-Feb-22 16:49:42 INFO StockSymbols(157) MarketDataDb.StockSymbols() - NQ=F
13-Feb-22 16:49:42 INFO StockSymbols(157) MarketDataDb.StockSymbols() - RTY=F
13-Feb-22 16:49:42 INFO StockSymbols(157) MarketDataDb.StockSymbols() - ZB=F
13-Feb-22 16:49:42 INFO StockSymbols(157) MarketDataDb.StockSymbols() - ZN=F
13-Feb-22 16:49:42 INFO StockSymbols(157) MarketDataDb.StockSymbols() - ZF=F
13-Feb-22 16:49:42 INFO StockSymbols(157) MarketDataDb.StockSymbols() - ZT=F
13-Feb-22 16:49:42 INFO StockSymbols(157) MarketDataDb.StockSymbols() - GC=F
13-Feb-22 16:49:42 INFO StockSymbols(157) MarketDataDb.StockSymbols() - MGC=F
13-Feb-22 16:49:42 INFO StockSymbols(157) MarketDataDb.StockSymbols() - SI=F
13-Feb-22 16:49:42 INFO StockSymbols(157) MarketDataDb.StockSymbols() - SIL=F
13-Feb-22 16:49:42 INFO StockSymbols(157) MarketDataDb.StockSymbols() - PL=F
13-Feb-22 16:49:42 INFO StockSymbols(157) MarketDataDb.StockSymbols() - HG=F
13-Feb-22 16:49:42 INFO StockSymbols(157) MarketDataDb.StockSymbols() - PA=F
13-Feb-22 16:49:42 INFO StockSymbols(157) MarketDataDb.StockSymbols() - CL=F
13-Feb-22 16:49:42 INFO StockSymbols(157) MarketDataDb.StockSymbols() - HO=F
13-Feb-22 16:49:42 INFO StockSymbols(157) MarketDataDb.StockSymbols() - NG=F
13-Feb-22 16:49:42 INFO StockSymbols(157) MarketDataDb.StockSymbols() - RB=F
13-Feb-22 16:49:42 INFO StockSymbols(157) MarketDataDb.StockSymbols() - BZ=F
13-Feb-22 16:49:42 INFO StockSymbols(157) MarketDataDb.StockSymbols() - B0=F
13-Feb-22 16:49:42 INFO StockSymbols(157) MarketDataDb.StockSymbols() - ZC=F
13-Feb-22 16:49:42 INFO StockSymbols(157) MarketDataDb.StockSymbols() - ZO=F
13-Feb-22 16:49:42 INFO StockSymbols(157) MarketDataDb.StockSymbols() - KE=F
13-Feb-22 16:49:42 INFO StockSymbols(157) MarketDataDb.StockSymbols() - ZR=F
13-Feb-22 16:49:42 INFO StockSymbols(157) MarketDataDb.StockSymbols() - ZM=F
13-Feb-22 16:49:42 INFO StockSymbols(157) MarketDataDb.StockSymbols() - ZL=F
13-Feb-22 16:49:42 INFO StockSymbols(157) MarketDataDb.StockSymbols() - ZS=F
13-Feb-22 16:49:42 INFO StockSymbols(157) MarketDataDb.StockSymbols() - GF=F
13-Feb-22 16:49:42 INFO StockSymbols(157) MarketDataDb.StockSymbols() - HE=F
13-Feb-22 16:49:42 INFO StockSymbols(157) MarketDataDb.StockSymbols() - LE=F
13-Feb-22 16:49:42 INFO StockSymbols(157) MarketDataDb.StockSymbols() - CC=F
13-Feb-22 16:49:42 INFO StockSymbols(157) MarketDataDb.StockSymbols() - KC=F
13-Feb-22 16:49:42 INFO StockSymbols(157) MarketDataDb.StockSymbols() - CT=F
13-Feb-22 16:49:42 INFO StockSymbols(157) MarketDataDb.StockSymbols() - LBS=F
13-Feb-22 16:49:42 INFO StockSymbols(157) MarketDataDb.StockSymbols() - OJ=F
13-Feb-22 16:49:42 INFO StockSymbols(157) MarketDataDb.StockSymbols() - SB=F
13-Feb-22 16:49:42 INFO getHistorical(43) Running AlpacaDaily.getHistorical
13-Feb-22 16:49:42 INFO _init_num_threads(157) NumExpr defaulting to 8 threads.
13-Feb-22 16:55:10 INFO <module>(66) APP.PY Started
13-Feb-22 16:55:10 INFO All(53) Running YahooDaily.All
13-Feb-22 16:55:10 INFO StockSymbols(157) MarketDataDb.StockSymbols() - ES=F
13-Feb-22 16:55:10 INFO StockSymbols(157) MarketDataDb.StockSymbols() - YM=F
13-Feb-22 16:55:10 INFO StockSymbols(157) MarketDataDb.StockSymbols() - NQ=F
13-Feb-22 16:55:10 INFO StockSymbols(157) MarketDataDb.StockSymbols() - RTY=F
13-Feb-22 16:55:10 INFO StockSymbols(157) MarketDataDb.StockSymbols() - ZB=F
13-Feb-22 16:55:10 INFO StockSymbols(157) MarketDataDb.StockSymbols() - ZN=F
13-Feb-22 16:55:10 INFO StockSymbols(157) MarketDataDb.StockSymbols() - ZF=F
13-Feb-22 16:55:10 INFO StockSymbols(157) MarketDataDb.StockSymbols() - ZT=F
13-Feb-22 16:55:10 INFO StockSymbols(157) MarketDataDb.StockSymbols() - GC=F
13-Feb-22 16:55:10 INFO StockSymbols(157) MarketDataDb.StockSymbols() - MGC=F
13-Feb-22 16:55:10 INFO StockSymbols(157) MarketDataDb.StockSymbols() - SI=F
13-Feb-22 16:55:10 INFO StockSymbols(157) MarketDataDb.StockSymbols() - SIL=F
13-Feb-22 16:55:10 INFO StockSymbols(157) MarketDataDb.StockSymbols() - PL=F
13-Feb-22 16:55:10 INFO StockSymbols(157) MarketDataDb.StockSymbols() - HG=F
13-Feb-22 16:55:10 INFO StockSymbols(157) MarketDataDb.StockSymbols() - PA=F
13-Feb-22 16:55:10 INFO StockSymbols(157) MarketDataDb.StockSymbols() - CL=F
13-Feb-22 16:55:10 INFO StockSymbols(157) MarketDataDb.StockSymbols() - HO=F
13-Feb-22 16:55:10 INFO StockSymbols(157) MarketDataDb.StockSymbols() - NG=F
13-Feb-22 16:55:10 INFO StockSymbols(157) MarketDataDb.StockSymbols() - RB=F
13-Feb-22 16:55:10 INFO StockSymbols(157) MarketDataDb.StockSymbols() - BZ=F
13-Feb-22 16:55:10 INFO StockSymbols(157) MarketDataDb.StockSymbols() - B0=F
13-Feb-22 16:55:10 INFO StockSymbols(157) MarketDataDb.StockSymbols() - ZC=F
13-Feb-22 16:55:10 INFO StockSymbols(157) MarketDataDb.StockSymbols() - ZO=F
13-Feb-22 16:55:10 INFO StockSymbols(157) MarketDataDb.StockSymbols() - KE=F
13-Feb-22 16:55:10 INFO StockSymbols(157) MarketDataDb.StockSymbols() - ZR=F
13-Feb-22 16:55:10 INFO StockSymbols(157) MarketDataDb.StockSymbols() - ZM=F
13-Feb-22 16:55:10 INFO StockSymbols(157) MarketDataDb.StockSymbols() - ZL=F
13-Feb-22 16:55:10 INFO StockSymbols(157) MarketDataDb.StockSymbols() - ZS=F
13-Feb-22 16:55:10 INFO StockSymbols(157) MarketDataDb.StockSymbols() - GF=F
13-Feb-22 16:55:10 INFO StockSymbols(157) MarketDataDb.StockSymbols() - HE=F
13-Feb-22 16:55:10 INFO StockSymbols(157) MarketDataDb.StockSymbols() - LE=F
13-Feb-22 16:55:10 INFO StockSymbols(157) MarketDataDb.StockSymbols() - CC=F
13-Feb-22 16:55:10 INFO StockSymbols(157) MarketDataDb.StockSymbols() - KC=F
13-Feb-22 16:55:10 INFO StockSymbols(157) MarketDataDb.StockSymbols() - CT=F
13-Feb-22 16:55:10 INFO StockSymbols(157) MarketDataDb.StockSymbols() - LBS=F
13-Feb-22 16:55:10 INFO StockSymbols(157) MarketDataDb.StockSymbols() - OJ=F
13-Feb-22 16:55:10 INFO StockSymbols(157) MarketDataDb.StockSymbols() - SB=F
13-Feb-22 16:55:10 INFO getHistorical(43) Running AlpacaDaily.getHistorical
13-Feb-22 16:55:10 INFO _init_num_threads(157) NumExpr defaulting to 8 threads.
13-Feb-22 16:56:04 INFO <module>(66) APP.PY Started
13-Feb-22 16:56:04 INFO All(53) Running YahooDaily.All
13-Feb-22 16:56:04 INFO StockSymbols(157) MarketDataDb.StockSymbols() - ES=F
13-Feb-22 16:56:04 INFO StockSymbols(157) MarketDataDb.StockSymbols() - YM=F
13-Feb-22 16:56:04 INFO StockSymbols(157) MarketDataDb.StockSymbols() - NQ=F
13-Feb-22 16:56:04 INFO StockSymbols(157) MarketDataDb.StockSymbols() - RTY=F
13-Feb-22 16:56:04 INFO StockSymbols(157) MarketDataDb.StockSymbols() - ZB=F
13-Feb-22 16:56:04 INFO StockSymbols(157) MarketDataDb.StockSymbols() - ZN=F
13-Feb-22 16:56:04 INFO StockSymbols(157) MarketDataDb.StockSymbols() - ZF=F
13-Feb-22 16:56:04 INFO StockSymbols(157) MarketDataDb.StockSymbols() - ZT=F
13-Feb-22 16:56:04 INFO StockSymbols(157) MarketDataDb.StockSymbols() - GC=F
13-Feb-22 16:56:04 INFO StockSymbols(157) MarketDataDb.StockSymbols() - MGC=F
13-Feb-22 16:56:04 INFO StockSymbols(157) MarketDataDb.StockSymbols() - SI=F
13-Feb-22 16:56:04 INFO StockSymbols(157) MarketDataDb.StockSymbols() - SIL=F
13-Feb-22 16:56:04 INFO StockSymbols(157) MarketDataDb.StockSymbols() - PL=F
13-Feb-22 16:56:04 INFO StockSymbols(157) MarketDataDb.StockSymbols() - HG=F
13-Feb-22 16:56:04 INFO StockSymbols(157) MarketDataDb.StockSymbols() - PA=F
13-Feb-22 16:56:04 INFO StockSymbols(157) MarketDataDb.StockSymbols() - CL=F
13-Feb-22 16:56:04 INFO StockSymbols(157) MarketDataDb.StockSymbols() - HO=F
13-Feb-22 16:56:04 INFO StockSymbols(157) MarketDataDb.StockSymbols() - NG=F
13-Feb-22 16:56:04 INFO StockSymbols(157) MarketDataDb.StockSymbols() - RB=F
13-Feb-22 16:56:04 INFO StockSymbols(157) MarketDataDb.StockSymbols() - BZ=F
13-Feb-22 16:56:04 INFO StockSymbols(157) MarketDataDb.StockSymbols() - B0=F
13-Feb-22 16:56:04 INFO StockSymbols(157) MarketDataDb.StockSymbols() - ZC=F
13-Feb-22 16:56:04 INFO StockSymbols(157) MarketDataDb.StockSymbols() - ZO=F
13-Feb-22 16:56:04 INFO StockSymbols(157) MarketDataDb.StockSymbols() - KE=F
13-Feb-22 16:56:04 INFO StockSymbols(157) MarketDataDb.StockSymbols() - ZR=F
13-Feb-22 16:56:04 INFO StockSymbols(157) MarketDataDb.StockSymbols() - ZM=F
13-Feb-22 16:56:04 INFO StockSymbols(157) MarketDataDb.StockSymbols() - ZL=F
13-Feb-22 16:56:04 INFO StockSymbols(157) MarketDataDb.StockSymbols() - ZS=F
13-Feb-22 16:56:04 INFO StockSymbols(157) MarketDataDb.StockSymbols() - GF=F
13-Feb-22 16:56:04 INFO StockSymbols(157) MarketDataDb.StockSymbols() - HE=F
13-Feb-22 16:56:04 INFO StockSymbols(157) MarketDataDb.StockSymbols() - LE=F
13-Feb-22 16:56:04 INFO StockSymbols(157) MarketDataDb.StockSymbols() - CC=F
13-Feb-22 16:56:04 INFO StockSymbols(157) MarketDataDb.StockSymbols() - KC=F
13-Feb-22 16:56:04 INFO StockSymbols(157) MarketDataDb.StockSymbols() - CT=F
13-Feb-22 16:56:04 INFO StockSymbols(157) MarketDataDb.StockSymbols() - LBS=F
13-Feb-22 16:56:04 INFO StockSymbols(157) MarketDataDb.StockSymbols() - OJ=F
13-Feb-22 16:56:04 INFO StockSymbols(157) MarketDataDb.StockSymbols() - SB=F
13-Feb-22 16:56:04 INFO getHistorical(43) Running AlpacaDaily.getHistorical
13-Feb-22 16:56:05 INFO _init_num_threads(157) NumExpr defaulting to 8 threads.
13-Feb-22 17:05:18 INFO <module>(66) APP.PY Started
13-Feb-22 17:05:18 INFO All(53) Running YahooDaily.All
13-Feb-22 17:05:18 INFO StockSymbols(157) MarketDataDb.StockSymbols() - ES=F
13-Feb-22 17:05:18 INFO StockSymbols(157) MarketDataDb.StockSymbols() - YM=F
13-Feb-22 17:05:18 INFO StockSymbols(157) MarketDataDb.StockSymbols() - NQ=F
13-Feb-22 17:05:18 INFO StockSymbols(157) MarketDataDb.StockSymbols() - RTY=F
13-Feb-22 17:05:18 INFO StockSymbols(157) MarketDataDb.StockSymbols() - ZB=F
13-Feb-22 17:05:18 INFO StockSymbols(157) MarketDataDb.StockSymbols() - ZN=F
13-Feb-22 17:05:18 INFO StockSymbols(157) MarketDataDb.StockSymbols() - ZF=F
13-Feb-22 17:05:18 INFO StockSymbols(157) MarketDataDb.StockSymbols() - ZT=F
13-Feb-22 17:05:18 INFO StockSymbols(157) MarketDataDb.StockSymbols() - GC=F
13-Feb-22 17:05:18 INFO StockSymbols(157) MarketDataDb.StockSymbols() - MGC=F
13-Feb-22 17:05:18 INFO StockSymbols(157) MarketDataDb.StockSymbols() - SI=F
13-Feb-22 17:05:18 INFO StockSymbols(157) MarketDataDb.StockSymbols() - SIL=F
13-Feb-22 17:05:18 INFO StockSymbols(157) MarketDataDb.StockSymbols() - PL=F
13-Feb-22 17:05:18 INFO StockSymbols(157) MarketDataDb.StockSymbols() - HG=F
13-Feb-22 17:05:18 INFO StockSymbols(157) MarketDataDb.StockSymbols() - PA=F
13-Feb-22 17:05:18 INFO StockSymbols(157) MarketDataDb.StockSymbols() - CL=F
13-Feb-22 17:05:18 INFO StockSymbols(157) MarketDataDb.StockSymbols() - HO=F
13-Feb-22 17:05:18 INFO StockSymbols(157) MarketDataDb.StockSymbols() - NG=F
13-Feb-22 17:05:18 INFO StockSymbols(157) MarketDataDb.StockSymbols() - RB=F
13-Feb-22 17:05:18 INFO StockSymbols(157) MarketDataDb.StockSymbols() - BZ=F
13-Feb-22 17:05:18 INFO StockSymbols(157) MarketDataDb.StockSymbols() - B0=F
13-Feb-22 17:05:18 INFO StockSymbols(157) MarketDataDb.StockSymbols() - ZC=F
13-Feb-22 17:05:18 INFO StockSymbols(157) MarketDataDb.StockSymbols() - ZO=F
13-Feb-22 17:05:18 INFO StockSymbols(157) MarketDataDb.StockSymbols() - KE=F
13-Feb-22 17:05:18 INFO StockSymbols(157) MarketDataDb.StockSymbols() - ZR=F
13-Feb-22 17:05:18 INFO StockSymbols(157) MarketDataDb.StockSymbols() - ZM=F
13-Feb-22 17:05:18 INFO StockSymbols(157) MarketDataDb.StockSymbols() - ZL=F
13-Feb-22 17:05:18 INFO StockSymbols(157) MarketDataDb.StockSymbols() - ZS=F
13-Feb-22 17:05:18 INFO StockSymbols(157) MarketDataDb.StockSymbols() - GF=F
13-Feb-22 17:05:18 INFO StockSymbols(157) MarketDataDb.StockSymbols() - HE=F
13-Feb-22 17:05:18 INFO StockSymbols(157) MarketDataDb.StockSymbols() - LE=F
13-Feb-22 17:05:18 INFO StockSymbols(157) MarketDataDb.StockSymbols() - CC=F
13-Feb-22 17:05:18 INFO StockSymbols(157) MarketDataDb.StockSymbols() - KC=F
13-Feb-22 17:05:18 INFO StockSymbols(157) MarketDataDb.StockSymbols() - CT=F
13-Feb-22 17:05:18 INFO StockSymbols(157) MarketDataDb.StockSymbols() - LBS=F
13-Feb-22 17:05:18 INFO StockSymbols(157) MarketDataDb.StockSymbols() - OJ=F
13-Feb-22 17:05:18 INFO StockSymbols(157) MarketDataDb.StockSymbols() - SB=F
13-Feb-22 17:05:18 INFO getHistorical(43) Running AlpacaDaily.getHistorical
13-Feb-22 17:05:19 INFO getHistorical(49) 10/37
13-Feb-22 17:05:19 INFO _init_num_threads(157) NumExpr defaulting to 8 threads.
13-Feb-22 17:05:21 INFO getHistorical(49) 20/37
13-Feb-22 17:05:23 INFO getHistorical(49) 30/37
13-Feb-22 17:05:27 INFO <module>(97) done
13-Feb-22 17:09:39 INFO <module>(66) APP.PY Started
13-Feb-22 17:09:39 INFO All(53) Running YahooDaily.All
13-Feb-22 17:09:39 INFO StockSymbols(157) MarketDataDb.StockSymbols() - ES=F
13-Feb-22 17:09:39 INFO StockSymbols(157) MarketDataDb.StockSymbols() - YM=F
13-Feb-22 17:09:39 INFO StockSymbols(157) MarketDataDb.StockSymbols() - NQ=F
13-Feb-22 17:09:39 INFO StockSymbols(157) MarketDataDb.StockSymbols() - RTY=F
13-Feb-22 17:09:39 INFO StockSymbols(157) MarketDataDb.StockSymbols() - ZB=F
13-Feb-22 17:09:39 INFO StockSymbols(157) MarketDataDb.StockSymbols() - ZN=F
13-Feb-22 17:09:39 INFO StockSymbols(157) MarketDataDb.StockSymbols() - ZF=F
13-Feb-22 17:09:39 INFO StockSymbols(157) MarketDataDb.StockSymbols() - ZT=F
13-Feb-22 17:09:39 INFO StockSymbols(157) MarketDataDb.StockSymbols() - GC=F
13-Feb-22 17:09:39 INFO StockSymbols(157) MarketDataDb.StockSymbols() - MGC=F
13-Feb-22 17:09:39 INFO StockSymbols(157) MarketDataDb.StockSymbols() - SI=F
13-Feb-22 17:09:39 INFO StockSymbols(157) MarketDataDb.StockSymbols() - SIL=F
13-Feb-22 17:09:39 INFO StockSymbols(157) MarketDataDb.StockSymbols() - PL=F
13-Feb-22 17:09:39 INFO StockSymbols(157) MarketDataDb.StockSymbols() - HG=F
13-Feb-22 17:09:39 INFO StockSymbols(157) MarketDataDb.StockSymbols() - PA=F
13-Feb-22 17:09:39 INFO StockSymbols(157) MarketDataDb.StockSymbols() - CL=F
13-Feb-22 17:09:39 INFO StockSymbols(157) MarketDataDb.StockSymbols() - HO=F
13-Feb-22 17:09:39 INFO StockSymbols(157) MarketDataDb.StockSymbols() - NG=F
13-Feb-22 17:09:39 INFO StockSymbols(157) MarketDataDb.StockSymbols() - RB=F
13-Feb-22 17:09:39 INFO StockSymbols(157) MarketDataDb.StockSymbols() - BZ=F
13-Feb-22 17:09:39 INFO StockSymbols(157) MarketDataDb.StockSymbols() - B0=F
13-Feb-22 17:09:39 INFO StockSymbols(157) MarketDataDb.StockSymbols() - ZC=F
13-Feb-22 17:09:39 INFO StockSymbols(157) MarketDataDb.StockSymbols() - ZO=F
13-Feb-22 17:09:39 INFO StockSymbols(157) MarketDataDb.StockSymbols() - KE=F
13-Feb-22 17:09:39 INFO StockSymbols(157) MarketDataDb.StockSymbols() - ZR=F
13-Feb-22 17:09:39 INFO StockSymbols(157) MarketDataDb.StockSymbols() - ZM=F
13-Feb-22 17:09:39 INFO StockSymbols(157) MarketDataDb.StockSymbols() - ZL=F
13-Feb-22 17:09:39 INFO StockSymbols(157) MarketDataDb.StockSymbols() - ZS=F
13-Feb-22 17:09:39 INFO StockSymbols(157) MarketDataDb.StockSymbols() - GF=F
13-Feb-22 17:09:39 INFO StockSymbols(157) MarketDataDb.StockSymbols() - HE=F
13-Feb-22 17:09:39 INFO StockSymbols(157) MarketDataDb.StockSymbols() - LE=F
13-Feb-22 17:09:39 INFO StockSymbols(157) MarketDataDb.StockSymbols() - CC=F
13-Feb-22 17:09:39 INFO StockSymbols(157) MarketDataDb.StockSymbols() - KC=F
13-Feb-22 17:09:39 INFO StockSymbols(157) MarketDataDb.StockSymbols() - CT=F
13-Feb-22 17:09:39 INFO StockSymbols(157) MarketDataDb.StockSymbols() - LBS=F
13-Feb-22 17:09:39 INFO StockSymbols(157) MarketDataDb.StockSymbols() - OJ=F
13-Feb-22 17:09:39 INFO StockSymbols(157) MarketDataDb.StockSymbols() - SB=F
13-Feb-22 17:09:39 INFO getHistorical(43) Running AlpacaDaily.getHistorical
13-Feb-22 17:09:39 INFO _init_num_threads(157) NumExpr defaulting to 8 threads.
13-Feb-22 17:57:13 INFO <module>(66) APP.PY Started
13-Feb-22 17:57:13 INFO All(53) Running YahooDaily.All
13-Feb-22 17:57:13 INFO StockSymbols(157) MarketDataDb.StockSymbols() - ES=F
13-Feb-22 17:57:13 INFO StockSymbols(157) MarketDataDb.StockSymbols() - YM=F
13-Feb-22 17:57:13 INFO StockSymbols(157) MarketDataDb.StockSymbols() - NQ=F
13-Feb-22 17:57:13 INFO StockSymbols(157) MarketDataDb.StockSymbols() - RTY=F
13-Feb-22 17:57:13 INFO StockSymbols(157) MarketDataDb.StockSymbols() - ZB=F
13-Feb-22 17:57:13 INFO StockSymbols(157) MarketDataDb.StockSymbols() - ZN=F
13-Feb-22 17:57:13 INFO StockSymbols(157) MarketDataDb.StockSymbols() - ZF=F
13-Feb-22 17:57:13 INFO StockSymbols(157) MarketDataDb.StockSymbols() - ZT=F
13-Feb-22 17:57:13 INFO StockSymbols(157) MarketDataDb.StockSymbols() - GC=F
13-Feb-22 17:57:13 INFO StockSymbols(157) MarketDataDb.StockSymbols() - MGC=F
13-Feb-22 17:57:13 INFO StockSymbols(157) MarketDataDb.StockSymbols() - SI=F
13-Feb-22 17:57:13 INFO StockSymbols(157) MarketDataDb.StockSymbols() - SIL=F
13-Feb-22 17:57:13 INFO StockSymbols(157) MarketDataDb.StockSymbols() - PL=F
13-Feb-22 17:57:13 INFO StockSymbols(157) MarketDataDb.StockSymbols() - HG=F
13-Feb-22 17:57:13 INFO StockSymbols(157) MarketDataDb.StockSymbols() - PA=F
13-Feb-22 17:57:13 INFO StockSymbols(157) MarketDataDb.StockSymbols() - CL=F
13-Feb-22 17:57:13 INFO StockSymbols(157) MarketDataDb.StockSymbols() - HO=F
13-Feb-22 17:57:13 INFO StockSymbols(157) MarketDataDb.StockSymbols() - NG=F
13-Feb-22 17:57:13 INFO StockSymbols(157) MarketDataDb.StockSymbols() - RB=F
13-Feb-22 17:57:13 INFO StockSymbols(157) MarketDataDb.StockSymbols() - BZ=F
13-Feb-22 17:57:13 INFO StockSymbols(157) MarketDataDb.StockSymbols() - B0=F
13-Feb-22 17:57:13 INFO StockSymbols(157) MarketDataDb.StockSymbols() - ZC=F
13-Feb-22 17:57:13 INFO StockSymbols(157) MarketDataDb.StockSymbols() - ZO=F
13-Feb-22 17:57:13 INFO StockSymbols(157) MarketDataDb.StockSymbols() - KE=F
13-Feb-22 17:57:13 INFO StockSymbols(157) MarketDataDb.StockSymbols() - ZR=F
13-Feb-22 17:57:13 INFO StockSymbols(157) MarketDataDb.StockSymbols() - ZM=F
13-Feb-22 17:57:13 INFO StockSymbols(157) MarketDataDb.StockSymbols() - ZL=F
13-Feb-22 17:57:13 INFO StockSymbols(157) MarketDataDb.StockSymbols() - ZS=F
13-Feb-22 17:57:13 INFO StockSymbols(157) MarketDataDb.StockSymbols() - GF=F
13-Feb-22 17:57:13 INFO StockSymbols(157) MarketDataDb.StockSymbols() - HE=F
13-Feb-22 17:57:13 INFO StockSymbols(157) MarketDataDb.StockSymbols() - LE=F
13-Feb-22 17:57:13 INFO StockSymbols(157) MarketDataDb.StockSymbols() - CC=F
13-Feb-22 17:57:13 INFO StockSymbols(157) MarketDataDb.StockSymbols() - KC=F
13-Feb-22 17:57:13 INFO StockSymbols(157) MarketDataDb.StockSymbols() - CT=F
13-Feb-22 17:57:13 INFO StockSymbols(157) MarketDataDb.StockSymbols() - LBS=F
13-Feb-22 17:57:13 INFO StockSymbols(157) MarketDataDb.StockSymbols() - OJ=F
13-Feb-22 17:57:13 INFO StockSymbols(157) MarketDataDb.StockSymbols() - SB=F
13-Feb-22 17:57:13 INFO getHistorical(43) Running AlpacaDaily.getHistorical
13-Feb-22 17:57:13 INFO getHistorical(49) 10/37
13-Feb-22 17:57:14 INFO _init_num_threads(157) NumExpr defaulting to 8 threads.
13-Feb-22 17:57:16 INFO getHistorical(49) 20/37
13-Feb-22 17:57:18 INFO getHistorical(49) 30/37
13-Feb-22 17:57:22 INFO <module>(97) done
13-Feb-22 18:25:09 INFO <module>(66) APP.PY Started
13-Feb-22 18:25:09 INFO All(53) Running YahooDaily.All
13-Feb-22 18:25:09 INFO StockSymbols(157) MarketDataDb.StockSymbols() - ES=F
13-Feb-22 18:25:09 INFO StockSymbols(157) MarketDataDb.StockSymbols() - YM=F
13-Feb-22 18:25:09 INFO StockSymbols(157) MarketDataDb.StockSymbols() - NQ=F
13-Feb-22 18:25:09 INFO StockSymbols(157) MarketDataDb.StockSymbols() - RTY=F
13-Feb-22 18:25:09 INFO StockSymbols(157) MarketDataDb.StockSymbols() - ZB=F
13-Feb-22 18:25:09 INFO StockSymbols(157) MarketDataDb.StockSymbols() - ZN=F
13-Feb-22 18:25:09 INFO StockSymbols(157) MarketDataDb.StockSymbols() - ZF=F
13-Feb-22 18:25:09 INFO StockSymbols(157) MarketDataDb.StockSymbols() - ZT=F
13-Feb-22 18:25:09 INFO StockSymbols(157) MarketDataDb.StockSymbols() - GC=F
13-Feb-22 18:25:09 INFO StockSymbols(157) MarketDataDb.StockSymbols() - MGC=F
13-Feb-22 18:25:09 INFO StockSymbols(157) MarketDataDb.StockSymbols() - SI=F
13-Feb-22 18:25:09 INFO StockSymbols(157) MarketDataDb.StockSymbols() - SIL=F
13-Feb-22 18:25:09 INFO StockSymbols(157) MarketDataDb.StockSymbols() - PL=F
13-Feb-22 18:25:09 INFO StockSymbols(157) MarketDataDb.StockSymbols() - HG=F
13-Feb-22 18:25:09 INFO StockSymbols(157) MarketDataDb.StockSymbols() - PA=F
13-Feb-22 18:25:09 INFO StockSymbols(157) MarketDataDb.StockSymbols() - CL=F
13-Feb-22 18:25:09 INFO StockSymbols(157) MarketDataDb.StockSymbols() - HO=F
13-Feb-22 18:25:09 INFO StockSymbols(157) MarketDataDb.StockSymbols() - NG=F
13-Feb-22 18:25:09 INFO StockSymbols(157) MarketDataDb.StockSymbols() - RB=F
13-Feb-22 18:25:09 INFO StockSymbols(157) MarketDataDb.StockSymbols() - BZ=F
13-Feb-22 18:25:09 INFO StockSymbols(157) MarketDataDb.StockSymbols() - B0=F
13-Feb-22 18:25:09 INFO StockSymbols(157) MarketDataDb.StockSymbols() - ZC=F
13-Feb-22 18:25:09 INFO StockSymbols(157) MarketDataDb.StockSymbols() - ZO=F
13-Feb-22 18:25:09 INFO StockSymbols(157) MarketDataDb.StockSymbols() - KE=F
13-Feb-22 18:25:09 INFO StockSymbols(157) MarketDataDb.StockSymbols() - ZR=F
13-Feb-22 18:25:09 INFO StockSymbols(157) MarketDataDb.StockSymbols() - ZM=F
13-Feb-22 18:25:09 INFO StockSymbols(157) MarketDataDb.StockSymbols() - ZL=F
13-Feb-22 18:25:09 INFO StockSymbols(157) MarketDataDb.StockSymbols() - ZS=F
13-Feb-22 18:25:09 INFO StockSymbols(157) MarketDataDb.StockSymbols() - GF=F
13-Feb-22 18:25:09 INFO StockSymbols(157) MarketDataDb.StockSymbols() - HE=F
13-Feb-22 18:25:09 INFO StockSymbols(157) MarketDataDb.StockSymbols() - LE=F
13-Feb-22 18:25:09 INFO StockSymbols(157) MarketDataDb.StockSymbols() - CC=F
13-Feb-22 18:25:09 INFO StockSymbols(157) MarketDataDb.StockSymbols() - KC=F
13-Feb-22 18:25:09 INFO StockSymbols(157) MarketDataDb.StockSymbols() - CT=F
13-Feb-22 18:25:09 INFO StockSymbols(157) MarketDataDb.StockSymbols() - LBS=F
13-Feb-22 18:25:09 INFO StockSymbols(157) MarketDataDb.StockSymbols() - OJ=F
13-Feb-22 18:25:09 INFO StockSymbols(157) MarketDataDb.StockSymbols() - SB=F
13-Feb-22 18:25:09 INFO getHistorical(43) Running AlpacaDaily.getHistorical
13-Feb-22 18:25:09 INFO getHistorical(49) 10/37
13-Feb-22 18:25:09 INFO _init_num_threads(157) NumExpr defaulting to 8 threads.
13-Feb-22 18:25:11 INFO getHistorical(49) 20/37
13-Feb-22 18:25:13 INFO getHistorical(49) 30/37
13-Feb-22 18:25:17 INFO <module>(97) done
13-Feb-22 18:47:20 INFO <module>(66) APP.PY Started
13-Feb-22 18:47:20 INFO All(53) Running YahooDaily.All
13-Feb-22 18:47:20 INFO StockSymbols(157) MarketDataDb.StockSymbols() - ES=F
13-Feb-22 18:47:20 INFO StockSymbols(157) MarketDataDb.StockSymbols() - YM=F
13-Feb-22 18:47:20 INFO StockSymbols(157) MarketDataDb.StockSymbols() - NQ=F
13-Feb-22 18:47:20 INFO StockSymbols(157) MarketDataDb.StockSymbols() - RTY=F
13-Feb-22 18:47:20 INFO StockSymbols(157) MarketDataDb.StockSymbols() - ZB=F
13-Feb-22 18:47:20 INFO StockSymbols(157) MarketDataDb.StockSymbols() - ZN=F
13-Feb-22 18:47:20 INFO StockSymbols(157) MarketDataDb.StockSymbols() - ZF=F
13-Feb-22 18:47:20 INFO StockSymbols(157) MarketDataDb.StockSymbols() - ZT=F
13-Feb-22 18:47:20 INFO StockSymbols(157) MarketDataDb.StockSymbols() - GC=F
13-Feb-22 18:47:20 INFO StockSymbols(157) MarketDataDb.StockSymbols() - MGC=F
13-Feb-22 18:47:20 INFO StockSymbols(157) MarketDataDb.StockSymbols() - SI=F
13-Feb-22 18:47:20 INFO StockSymbols(157) MarketDataDb.StockSymbols() - SIL=F
13-Feb-22 18:47:20 INFO StockSymbols(157) MarketDataDb.StockSymbols() - PL=F
13-Feb-22 18:47:20 INFO StockSymbols(157) MarketDataDb.StockSymbols() - HG=F
13-Feb-22 18:47:20 INFO StockSymbols(157) MarketDataDb.StockSymbols() - PA=F
13-Feb-22 18:47:20 INFO StockSymbols(157) MarketDataDb.StockSymbols() - CL=F
13-Feb-22 18:47:20 INFO StockSymbols(157) MarketDataDb.StockSymbols() - HO=F
13-Feb-22 18:47:20 INFO StockSymbols(157) MarketDataDb.StockSymbols() - NG=F
13-Feb-22 18:47:20 INFO StockSymbols(157) MarketDataDb.StockSymbols() - RB=F
13-Feb-22 18:47:20 INFO StockSymbols(157) MarketDataDb.StockSymbols() - BZ=F
13-Feb-22 18:47:20 INFO StockSymbols(157) MarketDataDb.StockSymbols() - B0=F
13-Feb-22 18:47:20 INFO StockSymbols(157) MarketDataDb.StockSymbols() - ZC=F
13-Feb-22 18:47:20 INFO StockSymbols(157) MarketDataDb.StockSymbols() - ZO=F
13-Feb-22 18:47:20 INFO StockSymbols(157) MarketDataDb.StockSymbols() - KE=F
13-Feb-22 18:47:20 INFO StockSymbols(157) MarketDataDb.StockSymbols() - ZR=F
13-Feb-22 18:47:20 INFO StockSymbols(157) MarketDataDb.StockSymbols() - ZM=F
13-Feb-22 18:47:20 INFO StockSymbols(157) MarketDataDb.StockSymbols() - ZL=F
13-Feb-22 18:47:20 INFO StockSymbols(157) MarketDataDb.StockSymbols() - ZS=F
13-Feb-22 18:47:20 INFO StockSymbols(157) MarketDataDb.StockSymbols() - GF=F
13-Feb-22 18:47:20 INFO StockSymbols(157) MarketDataDb.StockSymbols() - HE=F
13-Feb-22 18:47:20 INFO StockSymbols(157) MarketDataDb.StockSymbols() - LE=F
13-Feb-22 18:47:20 INFO StockSymbols(157) MarketDataDb.StockSymbols() - CC=F
13-Feb-22 18:47:20 INFO StockSymbols(157) MarketDataDb.StockSymbols() - KC=F
13-Feb-22 18:47:20 INFO StockSymbols(157) MarketDataDb.StockSymbols() - CT=F
13-Feb-22 18:47:20 INFO StockSymbols(157) MarketDataDb.StockSymbols() - LBS=F
13-Feb-22 18:47:20 INFO StockSymbols(157) MarketDataDb.StockSymbols() - OJ=F
13-Feb-22 18:47:20 INFO StockSymbols(157) MarketDataDb.StockSymbols() - SB=F
13-Feb-22 18:47:20 INFO getHistorical(43) Running AlpacaDaily.getHistorical
13-Feb-22 18:47:20 INFO getHistorical(49) 10/37
13-Feb-22 18:47:21 INFO _init_num_threads(157) NumExpr defaulting to 8 threads.
13-Feb-22 18:47:23 INFO getHistorical(49) 20/37
13-Feb-22 18:47:25 INFO getHistorical(49) 30/37
13-Feb-22 18:47:29 INFO <module>(97) done
